2025-05-20 13:56:44.663 [info] Reading sessions from keychain...
2025-05-20 13:56:44.663 [info] Getting sessions for all scopes...
2025-05-20 13:56:44.663 [info] Getting sessions for all scopes...
2025-05-20 13:56:44.663 [info] Got 0 sessions for ...
2025-05-20 13:56:44.663 [info] Got 0 sessions for ...
2025-05-20 13:56:44.792 [info] Getting sessions for read:user,repo,user:email,workflow...
2025-05-20 13:56:44.792 [info] Got 0 sessions for read:user,repo,user:email,workflow...
2025-05-20 13:58:33.470 [info] Getting sessions for read:user,repo,user:email,workflow...
2025-05-20 13:58:33.471 [info] Got 0 sessions for read:user,repo,user:email,workflow...
2025-05-20 13:58:57.639 [info] Getting sessions for read:user,repo,user:email,workflow...
2025-05-20 13:58:57.639 [info] Got 0 sessions for read:user,repo,user:email,workflow...
2025-05-20 13:58:58.938 [info] Logging in with 'any' account...
2025-05-20 13:58:58.938 [info] Logging in for the following scopes: read:user repo user:email workflow
2025-05-20 13:58:59.341 [info] Trying device code flow... (read:user repo user:email workflow)
2025-05-20 13:59:23.778 [info] Getting user info...
2025-05-20 13:59:24.172 [info] Got account info!
2025-05-20 13:59:24.173 [info] Storing 1 sessions...
2025-05-20 13:59:24.317 [info] Reading sessions from keychain...
2025-05-20 13:59:24.318 [info] Stored 1 sessions!
2025-05-20 13:59:24.319 [info] Login success!
2025-05-20 13:59:24.466 [info] Got stored sessions!
2025-05-20 13:59:24.550 [info] Got 1 verified sessions.
2025-05-20 13:59:24.840 [info] Getting sessions for read:user,repo,user:email,workflow...
2025-05-20 13:59:24.840 [info] Got 1 sessions for read:user,repo,user:email,workflow...
2025-05-20 13:59:26.153 [info] Getting sessions for read:user,repo,user:email,workflow...
2025-05-20 13:59:26.153 [info] Got 1 sessions for read:user,repo,user:email,workflow...
2025-05-20 13:59:31.698 [info] Getting sessions for read:user,repo,user:email,workflow...
2025-05-20 13:59:31.698 [info] Got 1 sessions for read:user,repo,user:email,workflow...
2025-05-20 13:59:32.676 [info] Getting sessions for read:user,repo,user:email,workflow...
2025-05-20 13:59:32.676 [info] Got 1 sessions for read:user,repo,user:email,workflow...
2025-05-20 14:01:26.186 [info] Getting sessions for read:user,repo,user:email,workflow...
2025-05-20 14:01:26.187 [info] Got 1 sessions for read:user,repo,user:email,workflow...
2025-05-20 14:04:16.822 [info] Getting sessions for read:user,repo,user:email,workflow...
2025-05-20 14:04:16.822 [info] Got 1 sessions for read:user,repo,user:email,workflow...
