0 verbose cli /home/ubuntu/.nvm/versions/node/v22.13.0/bin/node /home/ubuntu/.nvm/versions/node/v22.13.0/bin/npm
1 info using npm@10.9.2
2 info using node@v22.13.0
3 silly config load:file:/home/ubuntu/.nvm/versions/node/v22.13.0/lib/node_modules/npm/npmrc
4 silly config load:file:/home/ubuntu/unicedup-jornal/.npmrc
5 silly config load:file:/home/ubuntu/.npmrc
6 silly config load:file:/home/ubuntu/.nvm/versions/node/v22.13.0/etc/npmrc
7 verbose title npm install firebase react-router-dom react-icons styled-components
8 verbose argv "install" "firebase" "react-router-dom" "react-icons" "styled-components"
9 verbose logfile logs-max:10 dir:/home/ubuntu/.npm/_logs/2025-05-20T17_16_43_729Z-
10 verbose logfile /home/ubuntu/.npm/_logs/2025-05-20T17_16_43_729Z-debug-0.log
11 silly logfile done cleaning log files
12 silly packumentCache heap:2117074944 maxSize:529268736 maxEntrySize:264634368
13 silly idealTree buildDeps
14 silly fetch manifest firebase@*
15 silly packumentCache full:https://registry.npmjs.org/firebase cache-miss
16 http fetch GET 200 https://registry.npmjs.org/firebase 604ms (cache miss)
17 silly packumentCache full:https://registry.npmjs.org/firebase set size:undefined disposed:false
18 silly fetch manifest react-router-dom@*
19 silly packumentCache full:https://registry.npmjs.org/react-router-dom cache-miss
20 http fetch GET 200 https://registry.npmjs.org/react-router-dom 112ms (cache miss)
21 silly packumentCache full:https://registry.npmjs.org/react-router-dom set size:undefined disposed:false
22 silly fetch manifest react@>=18
23 silly packumentCache full:https://registry.npmjs.org/react cache-miss
24 http cache https://registry.npmjs.org/react 27ms (cache hit)
25 silly packumentCache full:https://registry.npmjs.org/react set size:5708863 disposed:false
26 silly fetch manifest react-dom@>=18
27 silly packumentCache full:https://registry.npmjs.org/react-dom cache-miss
28 http cache https://registry.npmjs.org/react-dom 27ms (cache hit)
29 silly packumentCache full:https://registry.npmjs.org/react-dom set size:7256298 disposed:false
30 silly fetch manifest react-icons@*
31 silly packumentCache full:https://registry.npmjs.org/react-icons cache-miss
32 http fetch GET 200 https://registry.npmjs.org/react-icons 42ms (cache miss)
33 silly packumentCache full:https://registry.npmjs.org/react-icons set size:undefined disposed:false
34 silly fetch manifest react@*
35 silly packumentCache full:https://registry.npmjs.org/react cache-miss
36 http cache https://registry.npmjs.org/react 21ms (cache hit)
37 silly packumentCache full:https://registry.npmjs.org/react set size:5708863 disposed:false
38 silly fetch manifest styled-components@*
39 silly packumentCache full:https://registry.npmjs.org/styled-components cache-miss
40 http fetch GET 200 https://registry.npmjs.org/styled-components 69ms (cache miss)
41 silly packumentCache full:https://registry.npmjs.org/styled-components set size:undefined disposed:false
42 silly fetch manifest react@>= 16.8.0
43 silly packumentCache full:https://registry.npmjs.org/react cache-miss
44 http cache https://registry.npmjs.org/react 23ms (cache hit)
45 silly packumentCache full:https://registry.npmjs.org/react set size:5708863 disposed:false
46 silly fetch manifest react-dom@>= 16.8.0
47 silly packumentCache full:https://registry.npmjs.org/react-dom cache-miss
48 http cache https://registry.npmjs.org/react-dom 27ms (cache hit)
49 silly packumentCache full:https://registry.npmjs.org/react-dom set size:7256298 disposed:false
50 silly placeDep ROOT firebase@11.8.0 OK for:  want: *
51 silly placeDep ROOT react-icons@5.5.0 OK for:  want: *
52 silly placeDep ROOT react@19.1.0 OK for: react-icons@5.5.0 want: *
53 silly placeDep ROOT react-router-dom@7.6.0 OK for:  want: *
54 silly placeDep ROOT react-dom@19.1.0 OK for: react-router-dom@7.6.0 want: >=18
55 silly placeDep ROOT styled-components@6.1.18 OK for:  want: *
56 silly fetch manifest @firebase/ai@1.3.0
57 silly packumentCache full:https://registry.npmjs.org/@firebase%2fai cache-miss
58 silly fetch manifest @firebase/app@0.13.0
59 silly packumentCache full:https://registry.npmjs.org/@firebase%2fapp cache-miss
60 silly fetch manifest @firebase/auth@1.10.5
61 silly packumentCache full:https://registry.npmjs.org/@firebase%2fauth cache-miss
62 http fetch GET 200 https://registry.npmjs.org/@firebase%2fai 289ms (cache miss)
63 silly packumentCache full:https://registry.npmjs.org/@firebase%2fai set size:undefined disposed:false
64 silly fetch manifest @firebase/util@1.12.0
65 silly packumentCache full:https://registry.npmjs.org/@firebase%2futil cache-miss
66 http fetch GET 200 https://registry.npmjs.org/@firebase%2fapp 736ms (cache miss)
67 silly packumentCache full:https://registry.npmjs.org/@firebase%2fapp set size:undefined disposed:false
68 silly fetch manifest @firebase/storage@0.13.11
69 silly packumentCache full:https://registry.npmjs.org/@firebase%2fstorage cache-miss
70 http fetch GET 200 https://registry.npmjs.org/@firebase%2fauth 887ms (cache miss)
71 silly packumentCache full:https://registry.npmjs.org/@firebase%2fauth set size:undefined disposed:false
72 silly fetch manifest @firebase/database@1.0.18
73 silly packumentCache full:https://registry.npmjs.org/@firebase%2fdatabase cache-miss
74 http fetch GET 200 https://registry.npmjs.org/@firebase%2futil 774ms (cache miss)
75 silly packumentCache full:https://registry.npmjs.org/@firebase%2futil set size:undefined disposed:false
76 silly fetch manifest @firebase/analytics@0.10.16
77 silly packumentCache full:https://registry.npmjs.org/@firebase%2fanalytics cache-miss
78 http fetch GET 200 https://registry.npmjs.org/@firebase%2fanalytics 417ms (cache miss)
79 silly packumentCache full:https://registry.npmjs.org/@firebase%2fanalytics set size:undefined disposed:false
80 silly fetch manifest @firebase/app-check@0.10.0
81 silly packumentCache full:https://registry.npmjs.org/@firebase%2fapp-check cache-miss
82 http fetch GET 200 https://registry.npmjs.org/@firebase%2fstorage 855ms (cache miss)
83 silly packumentCache full:https://registry.npmjs.org/@firebase%2fstorage set size:undefined disposed:false
84 silly fetch manifest @firebase/app-types@0.9.3
85 silly packumentCache full:https://registry.npmjs.org/@firebase%2fapp-types cache-miss
86 http fetch GET 200 https://registry.npmjs.org/@firebase%2fdatabase 860ms (cache miss)
87 silly packumentCache full:https://registry.npmjs.org/@firebase%2fdatabase set size:undefined disposed:false
88 silly fetch manifest @firebase/firestore@4.7.15
89 silly packumentCache full:https://registry.npmjs.org/@firebase%2ffirestore cache-miss
90 http fetch GET 200 https://registry.npmjs.org/@firebase%2fapp-check 457ms (cache miss)
91 silly packumentCache full:https://registry.npmjs.org/@firebase%2fapp-check set size:undefined disposed:false
92 silly fetch manifest @firebase/functions@0.12.7
93 silly packumentCache full:https://registry.npmjs.org/@firebase%2ffunctions cache-miss
94 http fetch GET 200 https://registry.npmjs.org/@firebase%2fapp-types 391ms (cache miss)
95 silly packumentCache full:https://registry.npmjs.org/@firebase%2fapp-types set size:undefined disposed:false
96 silly fetch manifest @firebase/messaging@0.12.21
97 silly packumentCache full:https://registry.npmjs.org/@firebase%2fmessaging cache-miss
98 http fetch GET 200 https://registry.npmjs.org/@firebase%2ffunctions 398ms (cache miss)
99 silly packumentCache full:https://registry.npmjs.org/@firebase%2ffunctions set size:undefined disposed:false
100 silly fetch manifest @firebase/app-compat@0.4.0
101 silly packumentCache full:https://registry.npmjs.org/@firebase%2fapp-compat cache-miss
102 http fetch GET 200 https://registry.npmjs.org/@firebase%2fmessaging 852ms (cache miss)
103 silly packumentCache full:https://registry.npmjs.org/@firebase%2fmessaging set size:undefined disposed:false
104 silly fetch manifest @firebase/auth-compat@0.5.25
105 silly packumentCache full:https://registry.npmjs.org/@firebase%2fauth-compat cache-miss
106 http fetch GET 200 https://registry.npmjs.org/@firebase%2fapp-compat 654ms (cache miss)
107 silly packumentCache full:https://registry.npmjs.org/@firebase%2fapp-compat set size:undefined disposed:false
108 silly fetch manifest @firebase/performance@0.7.6
109 silly packumentCache full:https://registry.npmjs.org/@firebase%2fperformance cache-miss
110 http fetch GET 200 https://registry.npmjs.org/@firebase%2fauth-compat 295ms (cache miss)
111 silly packumentCache full:https://registry.npmjs.org/@firebase%2fauth-compat set size:undefined disposed:false
112 silly fetch manifest @firebase/data-connect@0.3.8
113 silly packumentCache full:https://registry.npmjs.org/@firebase%2fdata-connect cache-miss
114 http fetch GET 200 https://registry.npmjs.org/@firebase%2ffirestore 1640ms (cache miss)
115 silly packumentCache full:https://registry.npmjs.org/@firebase%2ffirestore set size:undefined disposed:false
116 silly fetch manifest @firebase/installations@0.6.17
117 silly packumentCache full:https://registry.npmjs.org/@firebase%2finstallations cache-miss
118 http fetch GET 200 https://registry.npmjs.org/@firebase%2fdata-connect 389ms (cache miss)
119 silly packumentCache full:https://registry.npmjs.org/@firebase%2fdata-connect set size:undefined disposed:false
120 silly fetch manifest @firebase/remote-config@0.6.4
121 silly packumentCache full:https://registry.npmjs.org/@firebase%2fremote-config cache-miss
122 http fetch GET 200 https://registry.npmjs.org/@firebase%2fperformance 817ms (cache miss)
123 silly packumentCache full:https://registry.npmjs.org/@firebase%2fperformance set size:undefined disposed:false
124 silly fetch manifest @firebase/storage-compat@0.3.21
125 silly packumentCache full:https://registry.npmjs.org/@firebase%2fstorage-compat cache-miss
126 http fetch GET 200 https://registry.npmjs.org/@firebase%2fremote-config 530ms (cache miss)
127 silly packumentCache full:https://registry.npmjs.org/@firebase%2fremote-config set size:undefined disposed:false
128 silly fetch manifest @firebase/database-compat@2.0.9
129 silly packumentCache full:https://registry.npmjs.org/@firebase%2fdatabase-compat cache-miss
130 http fetch GET 200 https://registry.npmjs.org/@firebase%2finstallations 673ms (cache miss)
131 silly packumentCache full:https://registry.npmjs.org/@firebase%2finstallations set size:undefined disposed:false
132 silly fetch manifest @firebase/analytics-compat@0.2.22
133 silly packumentCache full:https://registry.npmjs.org/@firebase%2fanalytics-compat cache-miss
134 http fetch GET 200 https://registry.npmjs.org/@firebase%2fstorage-compat 413ms (cache miss)
135 silly packumentCache full:https://registry.npmjs.org/@firebase%2fstorage-compat set size:undefined disposed:false
136 silly fetch manifest @firebase/app-check-compat@0.3.25
137 silly packumentCache full:https://registry.npmjs.org/@firebase%2fapp-check-compat cache-miss
138 http fetch GET 200 https://registry.npmjs.org/@firebase%2fdatabase-compat 254ms (cache miss)
139 silly packumentCache full:https://registry.npmjs.org/@firebase%2fdatabase-compat set size:undefined disposed:false
140 silly fetch manifest @firebase/firestore-compat@0.3.50
141 silly packumentCache full:https://registry.npmjs.org/@firebase%2ffirestore-compat cache-miss
142 http fetch GET 200 https://registry.npmjs.org/@firebase%2fanalytics-compat 483ms (cache miss)
143 silly packumentCache full:https://registry.npmjs.org/@firebase%2fanalytics-compat set size:undefined disposed:false
144 silly fetch manifest @firebase/functions-compat@0.3.24
145 silly packumentCache full:https://registry.npmjs.org/@firebase%2ffunctions-compat cache-miss
146 http fetch GET 200 https://registry.npmjs.org/@firebase%2ffirestore-compat 341ms (cache miss)
147 silly packumentCache full:https://registry.npmjs.org/@firebase%2ffirestore-compat set size:undefined disposed:false
148 silly fetch manifest @firebase/messaging-compat@0.2.21
149 silly packumentCache full:https://registry.npmjs.org/@firebase%2fmessaging-compat cache-miss
150 http fetch GET 200 https://registry.npmjs.org/@firebase%2fapp-check-compat 606ms (cache miss)
151 silly packumentCache full:https://registry.npmjs.org/@firebase%2fapp-check-compat set size:undefined disposed:false
152 silly fetch manifest @firebase/performance-compat@0.2.19
153 silly packumentCache full:https://registry.npmjs.org/@firebase%2fperformance-compat cache-miss
154 http fetch GET 200 https://registry.npmjs.org/@firebase%2ffunctions-compat 279ms (cache miss)
155 silly packumentCache full:https://registry.npmjs.org/@firebase%2ffunctions-compat set size:undefined disposed:false
156 silly fetch manifest @firebase/installations-compat@0.2.17
157 silly packumentCache full:https://registry.npmjs.org/@firebase%2finstallations-compat cache-miss
158 http fetch GET 200 https://registry.npmjs.org/@firebase%2fmessaging-compat 303ms (cache miss)
159 silly packumentCache full:https://registry.npmjs.org/@firebase%2fmessaging-compat set size:undefined disposed:false
160 silly fetch manifest @firebase/remote-config-compat@0.2.17
161 silly packumentCache full:https://registry.npmjs.org/@firebase%2fremote-config-compat cache-miss
162 http fetch GET 200 https://registry.npmjs.org/@firebase%2fperformance-compat 282ms (cache miss)
163 silly packumentCache full:https://registry.npmjs.org/@firebase%2fperformance-compat set size:undefined disposed:false
164 silly fetch manifest react-router@7.6.0
165 silly packumentCache full:https://registry.npmjs.org/react-router cache-miss
166 http fetch GET 200 https://registry.npmjs.org/@firebase%2fremote-config-compat 213ms (cache miss)
167 silly packumentCache full:https://registry.npmjs.org/@firebase%2fremote-config-compat set size:undefined disposed:false
168 silly fetch manifest scheduler@^0.26.0
169 silly packumentCache full:https://registry.npmjs.org/scheduler cache-miss
170 http cache https://registry.npmjs.org/scheduler 34ms (cache hit)
171 silly packumentCache full:https://registry.npmjs.org/scheduler set size:4801575 disposed:false
172 silly fetch manifest @emotion/is-prop-valid@1.2.2
173 silly packumentCache full:https://registry.npmjs.org/@emotion%2fis-prop-valid cache-miss
174 http fetch GET 200 https://registry.npmjs.org/react-router 266ms (cache miss)
175 silly packumentCache full:https://registry.npmjs.org/react-router set size:undefined disposed:false
176 silly fetch manifest @emotion/unitless@0.8.1
177 silly packumentCache full:https://registry.npmjs.org/@emotion%2funitless cache-miss
178 http fetch GET 200 https://registry.npmjs.org/@emotion%2fis-prop-valid 63ms (cache miss)
179 silly packumentCache full:https://registry.npmjs.org/@emotion%2fis-prop-valid set size:undefined disposed:false
180 silly fetch manifest @types/stylis@4.2.5
181 silly packumentCache full:https://registry.npmjs.org/@types%2fstylis cache-miss
182 http fetch GET 200 https://registry.npmjs.org/@emotion%2funitless 41ms (cache miss)
183 silly packumentCache full:https://registry.npmjs.org/@emotion%2funitless set size:undefined disposed:false
184 silly fetch manifest css-to-react-native@3.2.0
185 silly packumentCache full:https://registry.npmjs.org/css-to-react-native cache-miss
186 http fetch GET 200 https://registry.npmjs.org/@types%2fstylis 34ms (cache miss)
187 silly packumentCache full:https://registry.npmjs.org/@types%2fstylis set size:undefined disposed:false
188 silly fetch manifest csstype@3.1.3
189 silly packumentCache full:https://registry.npmjs.org/csstype cache-miss
190 http fetch GET 200 https://registry.npmjs.org/css-to-react-native 26ms (cache miss)
191 silly packumentCache full:https://registry.npmjs.org/css-to-react-native set size:undefined disposed:false
192 silly fetch manifest postcss@8.4.49
193 silly packumentCache full:https://registry.npmjs.org/postcss cache-miss
194 http cache https://registry.npmjs.org/postcss 8ms (cache hit)
195 silly packumentCache full:https://registry.npmjs.org/postcss set size:687240 disposed:false
196 silly fetch manifest shallowequal@1.1.0
197 silly packumentCache full:https://registry.npmjs.org/shallowequal cache-miss
198 http fetch GET 200 https://registry.npmjs.org/@firebase%2finstallations-compat 586ms (cache miss)
199 silly packumentCache full:https://registry.npmjs.org/@firebase%2finstallations-compat set size:undefined disposed:false
200 silly fetch manifest stylis@4.3.2
201 silly packumentCache full:https://registry.npmjs.org/stylis cache-miss
202 http fetch GET 200 https://registry.npmjs.org/csstype 96ms (cache miss)
203 silly packumentCache full:https://registry.npmjs.org/csstype set size:undefined disposed:false
204 silly fetch manifest tslib@2.6.2
205 silly packumentCache full:https://registry.npmjs.org/tslib cache-miss
206 http fetch GET 200 https://registry.npmjs.org/shallowequal 71ms (cache miss)
207 silly packumentCache full:https://registry.npmjs.org/shallowequal set size:undefined disposed:false
208 http cache https://registry.npmjs.org/tslib 16ms (cache hit)
209 silly packumentCache full:https://registry.npmjs.org/tslib set size:108872 disposed:false
210 http fetch GET 200 https://registry.npmjs.org/stylis 42ms (cache miss)
211 silly packumentCache full:https://registry.npmjs.org/stylis set size:undefined disposed:false
212 silly fetch manifest @react-native-async-storage/async-storage@^1.18.1
213 silly packumentCache full:https://registry.npmjs.org/@react-native-async-storage%2fasync-storage cache-miss
214 http fetch GET 200 https://registry.npmjs.org/@react-native-async-storage%2fasync-storage 53ms (cache miss)
215 silly packumentCache full:https://registry.npmjs.org/@react-native-async-storage%2fasync-storage set size:undefined disposed:false
216 silly fetch manifest react-native@^0.0.0-0 || >=0.60 <1.0
217 silly packumentCache full:https://registry.npmjs.org/react-native cache-miss
218 http fetch GET 200 https://registry.npmjs.org/react-native 226ms (cache miss)
219 silly packumentCache full:https://registry.npmjs.org/react-native set size:undefined disposed:false
220 silly fetch manifest @types/react@^19.0.0
221 silly packumentCache full:https://registry.npmjs.org/@types%2freact cache-miss
222 http cache https://registry.npmjs.org/@types%2freact 10ms (cache hit)
223 silly packumentCache full:https://registry.npmjs.org/@types%2freact set size:2369467 disposed:false
224 silly fetch manifest react@^19.0.0
225 silly packumentCache full:https://registry.npmjs.org/react cache-miss
226 http cache https://registry.npmjs.org/react 18ms (cache hit)
227 silly packumentCache full:https://registry.npmjs.org/react set size:5708863 disposed:false
228 silly placeDep ROOT @firebase/ai@1.3.0 OK for: firebase@11.8.0 want: 1.3.0
229 silly placeDep ROOT @firebase/app@0.13.0 OK for: @firebase/ai@1.3.0 want: 0.x
230 silly placeDep ROOT @firebase/app-types@0.9.3 OK for: @firebase/ai@1.3.0 want: 0.x
231 silly placeDep ROOT @firebase/analytics@0.10.16 OK for: firebase@11.8.0 want: 0.10.16
232 silly placeDep ROOT @firebase/analytics-compat@0.2.22 OK for: firebase@11.8.0 want: 0.2.22
233 silly placeDep ROOT @firebase/app-compat@0.4.0 OK for: @firebase/analytics-compat@0.2.22 want: 0.x
234 silly placeDep ROOT @firebase/app-check@0.10.0 OK for: firebase@11.8.0 want: 0.10.0
235 silly placeDep ROOT @firebase/app-check-compat@0.3.25 OK for: firebase@11.8.0 want: 0.3.25
236 silly placeDep ROOT @firebase/auth@1.10.5 OK for: firebase@11.8.0 want: 1.10.5
237 silly placeDep ROOT @firebase/auth-compat@0.5.25 OK for: firebase@11.8.0 want: 0.5.25
238 silly placeDep ROOT @firebase/data-connect@0.3.8 OK for: firebase@11.8.0 want: 0.3.8
239 silly placeDep ROOT @firebase/database@1.0.18 OK for: firebase@11.8.0 want: 1.0.18
240 silly placeDep ROOT @firebase/database-compat@2.0.9 OK for: firebase@11.8.0 want: 2.0.9
241 silly placeDep ROOT @firebase/firestore@4.7.15 OK for: firebase@11.8.0 want: 4.7.15
242 silly placeDep ROOT @firebase/firestore-compat@0.3.50 OK for: firebase@11.8.0 want: 0.3.50
243 silly placeDep ROOT @firebase/functions@0.12.7 OK for: firebase@11.8.0 want: 0.12.7
244 silly placeDep ROOT @firebase/functions-compat@0.3.24 OK for: firebase@11.8.0 want: 0.3.24
245 silly placeDep ROOT @firebase/installations@0.6.17 OK for: firebase@11.8.0 want: 0.6.17
246 silly placeDep ROOT @firebase/installations-compat@0.2.17 OK for: firebase@11.8.0 want: 0.2.17
247 silly placeDep ROOT @firebase/messaging@0.12.21 OK for: firebase@11.8.0 want: 0.12.21
248 silly placeDep ROOT @firebase/messaging-compat@0.2.21 OK for: firebase@11.8.0 want: 0.2.21
249 silly placeDep ROOT @firebase/performance@0.7.6 OK for: firebase@11.8.0 want: 0.7.6
250 silly placeDep ROOT @firebase/performance-compat@0.2.19 OK for: firebase@11.8.0 want: 0.2.19
251 silly placeDep ROOT @firebase/remote-config@0.6.4 OK for: firebase@11.8.0 want: 0.6.4
252 silly placeDep ROOT @firebase/remote-config-compat@0.2.17 OK for: firebase@11.8.0 want: 0.2.17
253 silly placeDep ROOT @firebase/storage@0.13.11 OK for: firebase@11.8.0 want: 0.13.11
254 silly placeDep ROOT @firebase/storage-compat@0.3.21 OK for: firebase@11.8.0 want: 0.3.21
255 silly placeDep ROOT @firebase/util@1.12.0 OK for: firebase@11.8.0 want: 1.12.0
256 silly fetch manifest tslib@^2.1.0
257 silly packumentCache full:https://registry.npmjs.org/tslib cache-hit
258 silly fetch manifest @firebase/logger@0.4.4
259 silly packumentCache full:https://registry.npmjs.org/@firebase%2flogger cache-miss
260 silly fetch manifest @firebase/component@0.6.17
261 silly packumentCache full:https://registry.npmjs.org/@firebase%2fcomponent cache-miss
262 silly fetch manifest @firebase/app-check-interop-types@0.3.3
263 silly packumentCache full:https://registry.npmjs.org/@firebase%2fapp-check-interop-types cache-miss
264 http fetch GET 200 https://registry.npmjs.org/@firebase%2fapp-check-interop-types 184ms (cache miss)
265 silly packumentCache full:https://registry.npmjs.org/@firebase%2fapp-check-interop-types set size:undefined disposed:false
266 silly fetch manifest idb@7.1.1
267 silly packumentCache full:https://registry.npmjs.org/idb cache-miss
268 http cache https://registry.npmjs.org/idb 33ms (cache hit)
269 silly packumentCache full:https://registry.npmjs.org/idb set size:170881 disposed:false
270 silly fetch manifest @firebase/logger@0.4.4
271 silly packumentCache full:https://registry.npmjs.org/@firebase%2flogger cache-miss
272 http fetch GET 200 https://registry.npmjs.org/@firebase%2fcomponent 449ms (cache miss)
273 silly packumentCache full:https://registry.npmjs.org/@firebase%2fcomponent set size:undefined disposed:false
274 silly fetch manifest @firebase/logger@0.4.4
275 silly packumentCache full:https://registry.npmjs.org/@firebase%2flogger cache-miss
276 http fetch GET 200 https://registry.npmjs.org/@firebase%2flogger 586ms (cache miss)
277 silly packumentCache full:https://registry.npmjs.org/@firebase%2flogger set size:undefined disposed:false
278 silly fetch manifest @firebase/analytics-types@0.8.3
279 silly packumentCache full:https://registry.npmjs.org/@firebase%2fanalytics-types cache-miss
280 http fetch GET 200 https://registry.npmjs.org/@firebase%2flogger 591ms (cache miss)
281 silly packumentCache full:https://registry.npmjs.org/@firebase%2flogger set size:undefined disposed:false
282 silly fetch manifest @firebase/app-check-types@0.5.3
283 silly packumentCache full:https://registry.npmjs.org/@firebase%2fapp-check-types cache-miss
284 http fetch GET 200 https://registry.npmjs.org/@firebase%2fanalytics-types 337ms (cache miss)
285 silly packumentCache full:https://registry.npmjs.org/@firebase%2fanalytics-types set size:undefined disposed:false
286 silly fetch manifest @firebase/auth-types@0.13.0
287 silly packumentCache full:https://registry.npmjs.org/@firebase%2fauth-types cache-miss
288 http fetch GET 200 https://registry.npmjs.org/@firebase%2fapp-check-types 213ms (cache miss)
289 silly packumentCache full:https://registry.npmjs.org/@firebase%2fapp-check-types set size:undefined disposed:false
290 silly fetch manifest @firebase/auth-interop-types@0.2.4
291 silly packumentCache full:https://registry.npmjs.org/@firebase%2fauth-interop-types cache-miss
292 http fetch GET 200 https://registry.npmjs.org/@firebase%2flogger 654ms (cache miss)
293 silly packumentCache full:https://registry.npmjs.org/@firebase%2flogger set size:undefined disposed:false
294 silly fetch manifest faye-websocket@0.11.4
295 silly packumentCache full:https://registry.npmjs.org/faye-websocket cache-miss
296 http cache https://registry.npmjs.org/faye-websocket 18ms (cache hit)
297 silly packumentCache full:https://registry.npmjs.org/faye-websocket set size:45682 disposed:false
298 silly fetch manifest @firebase/auth-interop-types@0.2.4
299 silly packumentCache full:https://registry.npmjs.org/@firebase%2fauth-interop-types cache-miss
300 http fetch GET 200 https://registry.npmjs.org/@firebase%2fauth-interop-types 324ms (cache miss)
301 silly packumentCache full:https://registry.npmjs.org/@firebase%2fauth-interop-types set size:undefined disposed:false
302 silly fetch manifest @firebase/database-types@1.0.14
303 silly packumentCache full:https://registry.npmjs.org/@firebase%2fdatabase-types cache-miss
304 http fetch GET 200 https://registry.npmjs.org/@firebase%2fauth-types 536ms (cache miss)
305 silly packumentCache full:https://registry.npmjs.org/@firebase%2fauth-types set size:undefined disposed:false
306 silly fetch manifest @grpc/grpc-js@~1.9.0
307 silly packumentCache full:https://registry.npmjs.org/@grpc%2fgrpc-js cache-miss
308 http fetch GET 200 https://registry.npmjs.org/@firebase%2fauth-interop-types 359ms (cache miss)
309 silly packumentCache full:https://registry.npmjs.org/@firebase%2fauth-interop-types set size:undefined disposed:false
310 silly fetch manifest @grpc/proto-loader@^0.7.8
311 silly packumentCache full:https://registry.npmjs.org/@grpc%2fproto-loader cache-miss
312 http fetch GET 200 https://registry.npmjs.org/@grpc%2fgrpc-js 146ms (cache miss)
313 silly packumentCache full:https://registry.npmjs.org/@grpc%2fgrpc-js set size:undefined disposed:false
314 silly fetch manifest @firebase/webchannel-wrapper@1.0.3
315 silly packumentCache full:https://registry.npmjs.org/@firebase%2fwebchannel-wrapper cache-miss
316 http fetch GET 200 https://registry.npmjs.org/@grpc%2fproto-loader 59ms (cache miss)
317 silly packumentCache full:https://registry.npmjs.org/@grpc%2fproto-loader set size:undefined disposed:false
318 silly fetch manifest @firebase/firestore-types@3.0.3
319 silly packumentCache full:https://registry.npmjs.org/@firebase%2ffirestore-types cache-miss
320 http fetch GET 200 https://registry.npmjs.org/@firebase%2fdatabase-types 348ms (cache miss)
321 silly packumentCache full:https://registry.npmjs.org/@firebase%2fdatabase-types set size:undefined disposed:false
322 silly fetch manifest @firebase/messaging-interop-types@0.2.3
323 silly packumentCache full:https://registry.npmjs.org/@firebase%2fmessaging-interop-types cache-miss
324 http fetch GET 200 https://registry.npmjs.org/@firebase%2fmessaging-interop-types 101ms (cache miss)
325 silly packumentCache full:https://registry.npmjs.org/@firebase%2fmessaging-interop-types set size:undefined disposed:false
326 silly fetch manifest @firebase/functions-types@0.6.3
327 silly packumentCache full:https://registry.npmjs.org/@firebase%2ffunctions-types cache-miss
328 http fetch GET 200 https://registry.npmjs.org/@firebase%2fwebchannel-wrapper 319ms (cache miss)
329 silly packumentCache full:https://registry.npmjs.org/@firebase%2fwebchannel-wrapper set size:undefined disposed:false
330 silly fetch manifest @firebase/installations-types@0.5.3
331 silly packumentCache full:https://registry.npmjs.org/@firebase%2finstallations-types cache-miss
332 http fetch GET 200 https://registry.npmjs.org/@firebase%2ffunctions-types 310ms (cache miss)
333 silly packumentCache full:https://registry.npmjs.org/@firebase%2ffunctions-types set size:undefined disposed:false
334 silly fetch manifest web-vitals@^4.2.4
335 silly packumentCache full:https://registry.npmjs.org/web-vitals cache-miss
336 http cache https://registry.npmjs.org/web-vitals 16ms (cache hit)
337 silly packumentCache full:https://registry.npmjs.org/web-vitals set size:443907 disposed:false
338 silly fetch manifest @firebase/performance-types@0.2.3
339 silly packumentCache full:https://registry.npmjs.org/@firebase%2fperformance-types cache-miss
340 http fetch GET 200 https://registry.npmjs.org/@firebase%2ffirestore-types 658ms (cache miss)
341 silly packumentCache full:https://registry.npmjs.org/@firebase%2ffirestore-types set size:undefined disposed:false
342 silly fetch manifest @firebase/remote-config-types@0.4.0
343 silly packumentCache full:https://registry.npmjs.org/@firebase%2fremote-config-types cache-miss
344 http fetch GET 200 https://registry.npmjs.org/@firebase%2fperformance-types 278ms (cache miss)
345 silly packumentCache full:https://registry.npmjs.org/@firebase%2fperformance-types set size:undefined disposed:false
346 silly fetch manifest @firebase/storage-types@0.8.3
347 silly packumentCache full:https://registry.npmjs.org/@firebase%2fstorage-types cache-miss
348 http fetch GET 200 https://registry.npmjs.org/@firebase%2fremote-config-types 338ms (cache miss)
349 silly packumentCache full:https://registry.npmjs.org/@firebase%2fremote-config-types set size:undefined disposed:false
350 http fetch GET 200 https://registry.npmjs.org/@firebase%2finstallations-types 743ms (cache miss)
351 silly packumentCache full:https://registry.npmjs.org/@firebase%2finstallations-types set size:undefined disposed:false
352 http fetch GET 200 https://registry.npmjs.org/@firebase%2fstorage-types 312ms (cache miss)
353 silly packumentCache full:https://registry.npmjs.org/@firebase%2fstorage-types set size:undefined disposed:false
354 silly placeDep ROOT @firebase/app-check-interop-types@0.3.3 OK for: @firebase/ai@1.3.0 want: 0.3.3
355 silly placeDep ROOT @firebase/component@0.6.17 OK for: @firebase/ai@1.3.0 want: 0.6.17
356 silly placeDep ROOT @firebase/logger@0.4.4 OK for: @firebase/ai@1.3.0 want: 0.4.4
357 silly placeDep ROOT tslib@2.8.1 OK for: @firebase/ai@1.3.0 want: ^2.1.0
358 silly placeDep ROOT @firebase/analytics-types@0.8.3 OK for: @firebase/analytics-compat@0.2.22 want: 0.8.3
359 silly placeDep ROOT idb@7.1.1 OK for: @firebase/app@0.13.0 want: 7.1.1
360 silly placeDep ROOT @firebase/app-check-types@0.5.3 OK for: @firebase/app-check-compat@0.3.25 want: 0.5.3
361 silly fetch manifest @firebase/app-types@0.x
362 silly packumentCache full:https://registry.npmjs.org/@firebase%2fapp-types cache-miss
363 http cache https://registry.npmjs.org/@firebase%2fapp-types 24ms (cache hit)
364 silly packumentCache full:https://registry.npmjs.org/@firebase%2fapp-types set size:8236105 disposed:false
365 silly placeDep ROOT @firebase/auth-types@0.13.0 OK for: @firebase/auth-compat@0.5.25 want: 0.13.0
366 silly placeDep ROOT @firebase/auth-interop-types@0.2.4 OK for: @firebase/data-connect@0.3.8 want: 0.2.4
367 silly placeDep ROOT faye-websocket@0.11.4 OK for: @firebase/database@1.0.18 want: 0.11.4
368 silly fetch manifest websocket-driver@>=0.5.1
369 silly packumentCache full:https://registry.npmjs.org/websocket-driver cache-miss
370 http cache https://registry.npmjs.org/websocket-driver 6ms (cache hit)
371 silly packumentCache full:https://registry.npmjs.org/websocket-driver set size:55869 disposed:false
372 silly placeDep ROOT @firebase/database-types@1.0.14 OK for: @firebase/database-compat@2.0.9 want: 1.0.14
373 silly placeDep ROOT @firebase/webchannel-wrapper@1.0.3 OK for: @firebase/firestore@4.7.15 want: 1.0.3
374 silly placeDep ROOT @grpc/grpc-js@1.9.15 OK for: @firebase/firestore@4.7.15 want: ~1.9.0
375 silly placeDep ROOT @grpc/proto-loader@0.7.15 OK for: @firebase/firestore@4.7.15 want: ^0.7.8
376 silly fetch manifest @types/node@>=12.12.47
377 silly packumentCache full:https://registry.npmjs.org/@types%2fnode cache-miss
378 silly fetch manifest lodash.camelcase@^4.3.0
379 silly packumentCache full:https://registry.npmjs.org/lodash.camelcase cache-miss
380 silly fetch manifest long@^5.0.0
381 silly packumentCache full:https://registry.npmjs.org/long cache-miss
382 http cache https://registry.npmjs.org/@types%2fnode 32ms (cache hit)
383 silly packumentCache full:https://registry.npmjs.org/@types%2fnode set size:10076225 disposed:false
384 silly fetch manifest protobufjs@^7.2.5
385 silly packumentCache full:https://registry.npmjs.org/protobufjs cache-miss
386 http fetch GET 200 https://registry.npmjs.org/lodash.camelcase 183ms (cache miss)
387 silly packumentCache full:https://registry.npmjs.org/lodash.camelcase set size:undefined disposed:false
388 silly fetch manifest yargs@^17.7.2
389 silly packumentCache full:https://registry.npmjs.org/yargs cache-miss
390 http fetch GET 200 https://registry.npmjs.org/long 191ms (cache miss)
391 silly packumentCache full:https://registry.npmjs.org/long set size:undefined disposed:false
392 http cache https://registry.npmjs.org/yargs 24ms (cache hit)
393 silly packumentCache full:https://registry.npmjs.org/yargs set size:734401 disposed:false
394 http fetch GET 200 https://registry.npmjs.org/protobufjs 51ms (cache miss)
395 silly packumentCache full:https://registry.npmjs.org/protobufjs set size:undefined disposed:false
396 silly placeDep ROOT @firebase/firestore-types@3.0.3 OK for: @firebase/firestore-compat@0.3.50 want: 3.0.3
397 silly placeDep ROOT @firebase/messaging-interop-types@0.2.3 OK for: @firebase/functions@0.12.7 want: 0.2.3
398 silly placeDep ROOT @firebase/functions-types@0.6.3 OK for: @firebase/functions-compat@0.3.24 want: 0.6.3
399 silly placeDep ROOT @firebase/installations-types@0.5.3 OK for: @firebase/installations-compat@0.2.17 want: 0.5.3
400 silly placeDep ROOT web-vitals@4.2.4 OK for: @firebase/performance@0.7.6 want: ^4.2.4
401 silly placeDep ROOT @firebase/performance-types@0.2.3 OK for: @firebase/performance-compat@0.2.19 want: 0.2.3
402 silly placeDep ROOT @firebase/remote-config-types@0.4.0 OK for: @firebase/remote-config-compat@0.2.17 want: 0.4.0
403 silly placeDep ROOT @firebase/storage-types@0.8.3 OK for: @firebase/storage-compat@0.3.21 want: 0.8.3
404 silly placeDep ROOT @types/node@22.15.19 OK for: @grpc/grpc-js@1.9.15 want: >=12.12.47
405 silly fetch manifest undici-types@~6.21.0
406 silly packumentCache full:https://registry.npmjs.org/undici-types cache-miss
407 http cache https://registry.npmjs.org/undici-types 5ms (cache hit)
408 silly packumentCache full:https://registry.npmjs.org/undici-types set size:137075 disposed:false
409 silly placeDep ROOT lodash.camelcase@4.3.0 OK for: @grpc/proto-loader@0.7.15 want: ^4.3.0
410 silly placeDep ROOT long@5.3.2 OK for: @grpc/proto-loader@0.7.15 want: ^5.0.0
411 silly placeDep ROOT protobufjs@7.4.0 OK for: @grpc/proto-loader@0.7.15 want: ^7.2.5
412 silly placeDep ROOT yargs@17.7.2 OK for: @grpc/proto-loader@0.7.15 want: ^17.7.2
413 silly fetch manifest @protobufjs/path@^1.1.2
414 silly packumentCache full:https://registry.npmjs.org/@protobufjs%2fpath cache-miss
415 silly fetch manifest @protobufjs/pool@^1.1.0
416 silly packumentCache full:https://registry.npmjs.org/@protobufjs%2fpool cache-miss
417 silly fetch manifest @protobufjs/utf8@^1.1.0
418 silly packumentCache full:https://registry.npmjs.org/@protobufjs%2futf8 cache-miss
419 http fetch GET 200 https://registry.npmjs.org/@protobufjs%2fpath 52ms (cache miss)
420 silly packumentCache full:https://registry.npmjs.org/@protobufjs%2fpath set size:undefined disposed:false
421 silly fetch manifest @protobufjs/fetch@^1.1.0
422 silly packumentCache full:https://registry.npmjs.org/@protobufjs%2ffetch cache-miss
423 http fetch GET 200 https://registry.npmjs.org/@protobufjs%2futf8 53ms (cache miss)
424 silly packumentCache full:https://registry.npmjs.org/@protobufjs%2futf8 set size:undefined disposed:false
425 silly fetch manifest @protobufjs/float@^1.0.2
426 silly packumentCache full:https://registry.npmjs.org/@protobufjs%2ffloat cache-miss
427 http fetch GET 200 https://registry.npmjs.org/@protobufjs%2fpool 56ms (cache miss)
428 silly packumentCache full:https://registry.npmjs.org/@protobufjs%2fpool set size:undefined disposed:false
429 silly fetch manifest @protobufjs/base64@^1.1.2
430 silly packumentCache full:https://registry.npmjs.org/@protobufjs%2fbase64 cache-miss
431 http fetch GET 200 https://registry.npmjs.org/@protobufjs%2ffetch 42ms (cache miss)
432 silly packumentCache full:https://registry.npmjs.org/@protobufjs%2ffetch set size:undefined disposed:false
433 silly fetch manifest @protobufjs/codegen@^2.0.4
434 silly packumentCache full:https://registry.npmjs.org/@protobufjs%2fcodegen cache-miss
435 http fetch GET 200 https://registry.npmjs.org/@protobufjs%2fbase64 56ms (cache miss)
436 silly packumentCache full:https://registry.npmjs.org/@protobufjs%2fbase64 set size:undefined disposed:false
437 silly fetch manifest @protobufjs/inquire@^1.1.0
438 silly packumentCache full:https://registry.npmjs.org/@protobufjs%2finquire cache-miss
439 http fetch GET 200 https://registry.npmjs.org/@protobufjs%2ffloat 62ms (cache miss)
440 silly packumentCache full:https://registry.npmjs.org/@protobufjs%2ffloat set size:undefined disposed:false
441 silly fetch manifest @protobufjs/aspromise@^1.1.2
442 silly packumentCache full:https://registry.npmjs.org/@protobufjs%2faspromise cache-miss
443 http fetch GET 200 https://registry.npmjs.org/@protobufjs%2fcodegen 43ms (cache miss)
444 silly packumentCache full:https://registry.npmjs.org/@protobufjs%2fcodegen set size:undefined disposed:false
445 silly fetch manifest @protobufjs/eventemitter@^1.1.0
446 silly packumentCache full:https://registry.npmjs.org/@protobufjs%2feventemitter cache-miss
447 http fetch GET 200 https://registry.npmjs.org/@protobufjs%2finquire 54ms (cache miss)
448 silly packumentCache full:https://registry.npmjs.org/@protobufjs%2finquire set size:undefined disposed:false
449 silly fetch manifest y18n@^5.0.5
450 silly packumentCache full:https://registry.npmjs.org/y18n cache-miss
451 http cache https://registry.npmjs.org/y18n 4ms (cache hit)
452 silly packumentCache full:https://registry.npmjs.org/y18n set size:76155 disposed:false
453 silly fetch manifest cliui@^8.0.1
454 silly packumentCache full:https://registry.npmjs.org/cliui cache-miss
455 http cache https://registry.npmjs.org/cliui 4ms (cache hit)
456 silly packumentCache full:https://registry.npmjs.org/cliui set size:69089 disposed:false
457 silly fetch manifest escalade@^3.1.1
458 silly packumentCache full:https://registry.npmjs.org/escalade cache-miss
459 http cache https://registry.npmjs.org/escalade 5ms (cache hit)
460 silly packumentCache full:https://registry.npmjs.org/escalade set size:33724 disposed:false
461 silly fetch manifest string-width@^4.2.3
462 silly packumentCache full:https://registry.npmjs.org/string-width cache-miss
463 http cache https://registry.npmjs.org/string-width 4ms (cache hit)
464 silly packumentCache full:https://registry.npmjs.org/string-width set size:61460 disposed:false
465 silly fetch manifest yargs-parser@^21.1.1
466 silly packumentCache full:https://registry.npmjs.org/yargs-parser cache-miss
467 http cache https://registry.npmjs.org/yargs-parser 12ms (cache hit)
468 silly packumentCache full:https://registry.npmjs.org/yargs-parser set size:355061 disposed:false
469 silly fetch manifest get-caller-file@^2.0.5
470 silly packumentCache full:https://registry.npmjs.org/get-caller-file cache-miss
471 http fetch GET 200 https://registry.npmjs.org/@protobufjs%2feventemitter 69ms (cache miss)
472 silly packumentCache full:https://registry.npmjs.org/@protobufjs%2feventemitter set size:undefined disposed:false
473 silly fetch manifest require-directory@^2.1.1
474 silly packumentCache full:https://registry.npmjs.org/require-directory cache-miss
475 http fetch GET 200 https://registry.npmjs.org/@protobufjs%2faspromise 95ms (cache miss)
476 silly packumentCache full:https://registry.npmjs.org/@protobufjs%2faspromise set size:undefined disposed:false
477 http cache https://registry.npmjs.org/get-caller-file 7ms (cache hit)
478 silly packumentCache full:https://registry.npmjs.org/get-caller-file set size:26456 disposed:false
479 http cache https://registry.npmjs.org/require-directory 7ms (cache hit)
480 silly packumentCache full:https://registry.npmjs.org/require-directory set size:26866 disposed:false
481 silly placeDep ROOT undici-types@6.21.0 OK for: @types/node@22.15.19 want: ~6.21.0
482 silly placeDep ROOT websocket-driver@0.7.4 OK for: faye-websocket@0.11.4 want: >=0.5.1
483 silly fetch manifest http-parser-js@>=0.5.1
484 silly packumentCache full:https://registry.npmjs.org/http-parser-js cache-miss
485 silly fetch manifest safe-buffer@>=5.1.0
486 silly packumentCache full:https://registry.npmjs.org/safe-buffer cache-miss
487 silly fetch manifest websocket-extensions@>=0.1.1
488 silly packumentCache full:https://registry.npmjs.org/websocket-extensions cache-miss
489 http cache https://registry.npmjs.org/http-parser-js 7ms (cache hit)
490 silly packumentCache full:https://registry.npmjs.org/http-parser-js set size:68161 disposed:false
491 http cache https://registry.npmjs.org/websocket-extensions 9ms (cache hit)
492 silly packumentCache full:https://registry.npmjs.org/websocket-extensions set size:22792 disposed:false
493 http fetch GET 200 https://registry.npmjs.org/safe-buffer 31ms (cache revalidated)
494 silly packumentCache full:https://registry.npmjs.org/safe-buffer set size:41183 disposed:false
495 silly placeDep ROOT @protobufjs/aspromise@1.1.2 OK for: protobufjs@7.4.0 want: ^1.1.2
496 silly placeDep ROOT @protobufjs/base64@1.1.2 OK for: protobufjs@7.4.0 want: ^1.1.2
497 silly placeDep ROOT @protobufjs/codegen@2.0.4 OK for: protobufjs@7.4.0 want: ^2.0.4
498 silly placeDep ROOT @protobufjs/eventemitter@1.1.0 OK for: protobufjs@7.4.0 want: ^1.1.0
499 silly placeDep ROOT @protobufjs/fetch@1.1.0 OK for: protobufjs@7.4.0 want: ^1.1.0
500 silly placeDep ROOT @protobufjs/float@1.0.2 OK for: protobufjs@7.4.0 want: ^1.0.2
501 silly placeDep ROOT @protobufjs/inquire@1.1.0 OK for: protobufjs@7.4.0 want: ^1.1.0
502 silly placeDep ROOT @protobufjs/path@1.1.2 OK for: protobufjs@7.4.0 want: ^1.1.2
503 silly placeDep ROOT @protobufjs/pool@1.1.0 OK for: protobufjs@7.4.0 want: ^1.1.0
504 silly placeDep ROOT @protobufjs/utf8@1.1.0 OK for: protobufjs@7.4.0 want: ^1.1.0
505 silly placeDep ROOT scheduler@0.26.0 OK for: react-dom@19.1.0 want: ^0.26.0
506 silly placeDep ROOT react-router@7.6.0 OK for: react-router-dom@7.6.0 want: 7.6.0
507 silly fetch manifest cookie@^1.0.1
508 silly packumentCache full:https://registry.npmjs.org/cookie cache-miss
509 silly fetch manifest set-cookie-parser@^2.6.0
510 silly packumentCache full:https://registry.npmjs.org/set-cookie-parser cache-miss
511 http cache https://registry.npmjs.org/cookie 7ms (cache hit)
512 silly packumentCache full:https://registry.npmjs.org/cookie set size:67180 disposed:false
513 http fetch GET 200 https://registry.npmjs.org/set-cookie-parser 32ms (cache miss)
514 silly packumentCache full:https://registry.npmjs.org/set-cookie-parser set size:undefined disposed:false
515 silly placeDep ROOT cookie@1.0.2 OK for: react-router@7.6.0 want: ^1.0.1
516 silly placeDep ROOT set-cookie-parser@2.7.1 OK for: react-router@7.6.0 want: ^2.6.0
517 silly placeDep ROOT @emotion/is-prop-valid@1.2.2 OK for: styled-components@6.1.18 want: 1.2.2
518 silly placeDep ROOT @emotion/unitless@0.8.1 OK for: styled-components@6.1.18 want: 0.8.1
519 silly placeDep ROOT @types/stylis@4.2.5 OK for: styled-components@6.1.18 want: 4.2.5
520 silly placeDep ROOT css-to-react-native@3.2.0 OK for: styled-components@6.1.18 want: 3.2.0
521 silly placeDep ROOT csstype@3.1.3 OK for: styled-components@6.1.18 want: 3.1.3
522 silly placeDep ROOT postcss@8.4.49 OK for: styled-components@6.1.18 want: 8.4.49
523 silly placeDep ROOT shallowequal@1.1.0 OK for: styled-components@6.1.18 want: 1.1.0
524 silly placeDep ROOT stylis@4.3.2 OK for: styled-components@6.1.18 want: 4.3.2
525 silly placeDep node_modules/styled-components tslib@2.6.2 OK for: styled-components@6.1.18 want: 2.6.2
526 silly fetch manifest @emotion/memoize@^0.8.1
527 silly packumentCache full:https://registry.npmjs.org/@emotion%2fmemoize cache-miss
528 silly fetch manifest camelize@^1.0.0
529 silly packumentCache full:https://registry.npmjs.org/camelize cache-miss
530 silly fetch manifest css-color-keywords@^1.0.0
531 silly packumentCache full:https://registry.npmjs.org/css-color-keywords cache-miss
532 http fetch GET 200 https://registry.npmjs.org/camelize 28ms (cache miss)
533 silly packumentCache full:https://registry.npmjs.org/camelize set size:undefined disposed:false
534 silly fetch manifest postcss-value-parser@^4.0.2
535 silly packumentCache full:https://registry.npmjs.org/postcss-value-parser cache-miss
536 http cache https://registry.npmjs.org/postcss-value-parser 4ms (cache hit)
537 silly packumentCache full:https://registry.npmjs.org/postcss-value-parser set size:73484 disposed:false
538 silly fetch manifest nanoid@^3.3.7
539 silly packumentCache full:https://registry.npmjs.org/nanoid cache-miss
540 http fetch GET 200 https://registry.npmjs.org/css-color-keywords 49ms (cache miss)
541 silly packumentCache full:https://registry.npmjs.org/css-color-keywords set size:undefined disposed:false
542 silly fetch manifest picocolors@^1.1.1
543 silly packumentCache full:https://registry.npmjs.org/picocolors cache-miss
544 http cache https://registry.npmjs.org/nanoid 17ms (cache hit)
545 silly packumentCache full:https://registry.npmjs.org/nanoid set size:296547 disposed:false
546 silly fetch manifest source-map-js@^1.2.1
547 silly packumentCache full:https://registry.npmjs.org/source-map-js cache-miss
548 http fetch GET 200 https://registry.npmjs.org/@emotion%2fmemoize 61ms (cache miss)
549 silly packumentCache full:https://registry.npmjs.org/@emotion%2fmemoize set size:undefined disposed:false
550 http cache https://registry.npmjs.org/picocolors 13ms (cache hit)
551 silly packumentCache full:https://registry.npmjs.org/picocolors set size:16648 disposed:false
552 http cache https://registry.npmjs.org/source-map-js 7ms (cache hit)
553 silly packumentCache full:https://registry.npmjs.org/source-map-js set size:62640 disposed:false
554 silly placeDep ROOT @emotion/memoize@0.8.1 OK for: @emotion/is-prop-valid@1.2.2 want: ^0.8.1
555 silly placeDep ROOT camelize@1.0.1 OK for: css-to-react-native@3.2.0 want: ^1.0.0
556 silly placeDep ROOT css-color-keywords@1.0.0 OK for: css-to-react-native@3.2.0 want: ^1.0.0
557 silly placeDep ROOT postcss-value-parser@4.2.0 OK for: css-to-react-native@3.2.0 want: ^4.0.2
558 silly placeDep ROOT nanoid@3.3.11 OK for: postcss@8.4.49 want: ^3.3.7
559 silly placeDep ROOT picocolors@1.1.1 OK for: postcss@8.4.49 want: ^1.1.1
560 silly placeDep ROOT source-map-js@1.2.1 OK for: postcss@8.4.49 want: ^1.2.1
561 silly placeDep ROOT http-parser-js@0.5.10 OK for: websocket-driver@0.7.4 want: >=0.5.1
562 silly placeDep ROOT safe-buffer@5.2.1 OK for: websocket-driver@0.7.4 want: >=5.1.0
563 silly placeDep ROOT websocket-extensions@0.1.4 OK for: websocket-driver@0.7.4 want: >=0.1.1
564 silly placeDep ROOT cliui@8.0.1 OK for: yargs@17.7.2 want: ^8.0.1
565 silly placeDep ROOT escalade@3.2.0 OK for: yargs@17.7.2 want: ^3.1.1
566 silly placeDep ROOT get-caller-file@2.0.5 OK for: yargs@17.7.2 want: ^2.0.5
567 silly placeDep ROOT require-directory@2.1.1 OK for: yargs@17.7.2 want: ^2.1.1
568 silly placeDep ROOT string-width@4.2.3 OK for: yargs@17.7.2 want: ^4.2.3
569 silly placeDep ROOT y18n@5.0.8 OK for: yargs@17.7.2 want: ^5.0.5
570 silly placeDep ROOT yargs-parser@21.1.1 OK for: yargs@17.7.2 want: ^21.1.1
571 silly fetch manifest wrap-ansi@^7.0.0
572 silly packumentCache full:https://registry.npmjs.org/wrap-ansi cache-miss
573 silly fetch manifest strip-ansi@^6.0.1
574 silly packumentCache full:https://registry.npmjs.org/strip-ansi cache-miss
575 silly fetch manifest string-width@^4.2.0
576 silly packumentCache full:https://registry.npmjs.org/string-width cache-hit
577 silly fetch manifest strip-ansi@^6.0.1
578 silly packumentCache full:https://registry.npmjs.org/strip-ansi cache-miss
579 http cache https://registry.npmjs.org/strip-ansi 8ms (cache hit)
580 silly packumentCache full:https://registry.npmjs.org/strip-ansi set size:43180 disposed:false
581 silly fetch manifest emoji-regex@^8.0.0
582 silly packumentCache full:https://registry.npmjs.org/emoji-regex cache-miss
583 http cache https://registry.npmjs.org/wrap-ansi 10ms (cache hit)
584 silly packumentCache full:https://registry.npmjs.org/wrap-ansi set size:51143 disposed:false
585 silly fetch manifest is-fullwidth-code-point@^3.0.0
586 silly packumentCache full:https://registry.npmjs.org/is-fullwidth-code-point cache-miss
587 http cache https://registry.npmjs.org/strip-ansi 10ms (cache hit)
588 silly packumentCache full:https://registry.npmjs.org/strip-ansi set size:43180 disposed:false
589 silly packumentCache full:https://registry.npmjs.org/strip-ansi dispose
590 http cache https://registry.npmjs.org/emoji-regex 7ms (cache hit)
591 silly packumentCache full:https://registry.npmjs.org/emoji-regex set size:85187 disposed:false
592 http cache https://registry.npmjs.org/is-fullwidth-code-point 7ms (cache hit)
593 silly packumentCache full:https://registry.npmjs.org/is-fullwidth-code-point set size:12553 disposed:false
594 silly placeDep ROOT strip-ansi@6.0.1 OK for: cliui@8.0.1 want: ^6.0.1
595 silly placeDep ROOT wrap-ansi@7.0.0 OK for: cliui@8.0.1 want: ^7.0.0
596 silly fetch manifest ansi-regex@^5.0.1
597 silly packumentCache full:https://registry.npmjs.org/ansi-regex cache-miss
598 silly fetch manifest ansi-styles@^4.0.0
599 silly packumentCache full:https://registry.npmjs.org/ansi-styles cache-miss
600 http cache https://registry.npmjs.org/ansi-regex 5ms (cache hit)
601 silly packumentCache full:https://registry.npmjs.org/ansi-regex set size:41869 disposed:false
602 http fetch GET 200 https://registry.npmjs.org/ansi-styles 26ms (cache revalidated)
603 silly packumentCache full:https://registry.npmjs.org/ansi-styles set size:66356 disposed:false
604 silly placeDep ROOT emoji-regex@8.0.0 OK for: string-width@4.2.3 want: ^8.0.0
605 silly placeDep ROOT is-fullwidth-code-point@3.0.0 OK for: string-width@4.2.3 want: ^3.0.0
606 silly placeDep ROOT ansi-regex@5.0.1 OK for: strip-ansi@6.0.1 want: ^5.0.1
607 silly placeDep ROOT ansi-styles@4.3.0 OK for: wrap-ansi@7.0.0 want: ^4.0.0
608 silly fetch manifest color-convert@^2.0.1
609 silly packumentCache full:https://registry.npmjs.org/color-convert cache-miss
610 http fetch GET 200 https://registry.npmjs.org/color-convert 27ms (cache revalidated)
611 silly packumentCache full:https://registry.npmjs.org/color-convert set size:68789 disposed:false
612 silly placeDep ROOT color-convert@2.0.1 OK for: ansi-styles@4.3.0 want: ^2.0.1
613 silly fetch manifest color-name@~1.1.4
614 silly packumentCache full:https://registry.npmjs.org/color-name cache-miss
615 http fetch GET 200 https://registry.npmjs.org/color-name 36ms (cache revalidated)
616 silly packumentCache full:https://registry.npmjs.org/color-name set size:16325 disposed:false
617 silly placeDep ROOT color-name@1.1.4 OK for: color-convert@2.0.1 want: ~1.1.4
618 silly reify moves {}
619 http cache color-name@https://registry.npmjs.org/color-name/-/color-name-1.1.4.tgz 1ms (cache hit)
620 http cache color-convert@https://registry.npmjs.org/color-convert/-/color-convert-2.0.1.tgz 0ms (cache hit)
621 http cache ansi-styles@https://registry.npmjs.org/ansi-styles/-/ansi-styles-4.3.0.tgz 0ms (cache hit)
622 http cache is-fullwidth-code-point@https://registry.npmjs.org/is-fullwidth-code-point/-/is-fullwidth-code-point-3.0.0.tgz 0ms (cache hit)
623 http cache wrap-ansi@https://registry.npmjs.org/wrap-ansi/-/wrap-ansi-7.0.0.tgz 0ms (cache hit)
624 http cache ansi-regex@https://registry.npmjs.org/ansi-regex/-/ansi-regex-5.0.1.tgz 0ms (cache hit)
625 http cache emoji-regex@https://registry.npmjs.org/emoji-regex/-/emoji-regex-8.0.0.tgz 0ms (cache hit)
626 http cache strip-ansi@https://registry.npmjs.org/strip-ansi/-/strip-ansi-6.0.1.tgz 0ms (cache hit)
627 http cache yargs-parser@https://registry.npmjs.org/yargs-parser/-/yargs-parser-21.1.1.tgz 0ms (cache hit)
628 http cache y18n@https://registry.npmjs.org/y18n/-/y18n-5.0.8.tgz 0ms (cache hit)
629 http cache require-directory@https://registry.npmjs.org/require-directory/-/require-directory-2.1.1.tgz 0ms (cache hit)
630 http cache get-caller-file@https://registry.npmjs.org/get-caller-file/-/get-caller-file-2.0.5.tgz 0ms (cache hit)
631 http cache escalade@https://registry.npmjs.org/escalade/-/escalade-3.2.0.tgz 0ms (cache hit)
632 http cache cliui@https://registry.npmjs.org/cliui/-/cliui-8.0.1.tgz 0ms (cache hit)
633 http cache websocket-extensions@https://registry.npmjs.org/websocket-extensions/-/websocket-extensions-0.1.4.tgz 0ms (cache hit)
634 http cache safe-buffer@https://registry.npmjs.org/safe-buffer/-/safe-buffer-5.2.1.tgz 0ms (cache hit)
635 http cache http-parser-js@https://registry.npmjs.org/http-parser-js/-/http-parser-js-0.5.10.tgz 0ms (cache hit)
636 http cache source-map-js@https://registry.npmjs.org/source-map-js/-/source-map-js-1.2.1.tgz 0ms (cache hit)
637 http cache picocolors@https://registry.npmjs.org/picocolors/-/picocolors-1.1.1.tgz 0ms (cache hit)
638 http cache nanoid@https://registry.npmjs.org/nanoid/-/nanoid-3.3.11.tgz 0ms (cache hit)
639 http cache string-width@https://registry.npmjs.org/string-width/-/string-width-4.2.3.tgz 0ms (cache hit)
640 http cache postcss-value-parser@https://registry.npmjs.org/postcss-value-parser/-/postcss-value-parser-4.2.0.tgz 0ms (cache hit)
641 http cache camelize@https://registry.npmjs.org/camelize/-/camelize-1.0.1.tgz 0ms (cache hit)
642 http cache css-color-keywords@https://registry.npmjs.org/css-color-keywords/-/css-color-keywords-1.0.0.tgz 0ms (cache hit)
643 http cache shallowequal@https://registry.npmjs.org/shallowequal/-/shallowequal-1.1.0.tgz 0ms (cache hit)
644 http cache @emotion/memoize@https://registry.npmjs.org/@emotion/memoize/-/memoize-0.8.1.tgz 0ms (cache hit)
645 http cache stylis@https://registry.npmjs.org/stylis/-/stylis-4.3.2.tgz 0ms (cache hit)
646 http cache csstype@https://registry.npmjs.org/csstype/-/csstype-3.1.3.tgz 0ms (cache hit)
647 http cache @types/stylis@https://registry.npmjs.org/@types/stylis/-/stylis-4.2.5.tgz 0ms (cache hit)
648 http cache css-to-react-native@https://registry.npmjs.org/css-to-react-native/-/css-to-react-native-3.2.0.tgz 0ms (cache hit)
649 http cache @emotion/unitless@https://registry.npmjs.org/@emotion/unitless/-/unitless-0.8.1.tgz 1ms (cache hit)
650 http cache set-cookie-parser@https://registry.npmjs.org/set-cookie-parser/-/set-cookie-parser-2.7.1.tgz 0ms (cache hit)
651 http cache cookie@https://registry.npmjs.org/cookie/-/cookie-1.0.2.tgz 0ms (cache hit)
652 http cache react-router@https://registry.npmjs.org/react-router/-/react-router-7.6.0.tgz 0ms (cache hit)
653 http cache @emotion/is-prop-valid@https://registry.npmjs.org/@emotion/is-prop-valid/-/is-prop-valid-1.2.2.tgz 0ms (cache hit)
654 http cache scheduler@https://registry.npmjs.org/scheduler/-/scheduler-0.26.0.tgz 0ms (cache hit)
655 http cache @protobufjs/utf8@https://registry.npmjs.org/@protobufjs/utf8/-/utf8-1.1.0.tgz 0ms (cache hit)
656 http cache @protobufjs/pool@https://registry.npmjs.org/@protobufjs/pool/-/pool-1.1.0.tgz 0ms (cache hit)
657 http cache @protobufjs/path@https://registry.npmjs.org/@protobufjs/path/-/path-1.1.2.tgz 0ms (cache hit)
658 http cache @protobufjs/inquire@https://registry.npmjs.org/@protobufjs/inquire/-/inquire-1.1.0.tgz 1ms (cache hit)
659 http cache @protobufjs/float@https://registry.npmjs.org/@protobufjs/float/-/float-1.0.2.tgz 0ms (cache hit)
660 http cache @protobufjs/fetch@https://registry.npmjs.org/@protobufjs/fetch/-/fetch-1.1.0.tgz 0ms (cache hit)
661 http cache @protobufjs/eventemitter@https://registry.npmjs.org/@protobufjs/eventemitter/-/eventemitter-1.1.0.tgz 0ms (cache hit)
662 http cache @protobufjs/base64@https://registry.npmjs.org/@protobufjs/base64/-/base64-1.1.2.tgz 0ms (cache hit)
663 http cache @protobufjs/codegen@https://registry.npmjs.org/@protobufjs/codegen/-/codegen-2.0.4.tgz 0ms (cache hit)
664 http cache @protobufjs/aspromise@https://registry.npmjs.org/@protobufjs/aspromise/-/aspromise-1.1.2.tgz 0ms (cache hit)
665 http cache websocket-driver@https://registry.npmjs.org/websocket-driver/-/websocket-driver-0.7.4.tgz 0ms (cache hit)
666 http cache undici-types@https://registry.npmjs.org/undici-types/-/undici-types-6.21.0.tgz 0ms (cache hit)
667 http cache yargs@https://registry.npmjs.org/yargs/-/yargs-17.7.2.tgz 0ms (cache hit)
668 http cache protobufjs@https://registry.npmjs.org/protobufjs/-/protobufjs-7.4.0.tgz 0ms (cache hit)
669 http cache long@https://registry.npmjs.org/long/-/long-5.3.2.tgz 0ms (cache hit)
670 http cache @types/node@https://registry.npmjs.org/@types/node/-/node-22.15.19.tgz 0ms (cache hit)
671 http cache lodash.camelcase@https://registry.npmjs.org/lodash.camelcase/-/lodash.camelcase-4.3.0.tgz 0ms (cache hit)
672 http cache @firebase/storage-types@https://registry.npmjs.org/@firebase/storage-types/-/storage-types-0.8.3.tgz 0ms (cache hit)
673 http cache @firebase/performance-types@https://registry.npmjs.org/@firebase/performance-types/-/performance-types-0.2.3.tgz 0ms (cache hit)
674 http cache @firebase/remote-config-types@https://registry.npmjs.org/@firebase/remote-config-types/-/remote-config-types-0.4.0.tgz 0ms (cache hit)
675 http cache web-vitals@https://registry.npmjs.org/web-vitals/-/web-vitals-4.2.4.tgz 0ms (cache hit)
676 http cache @firebase/installations-types@https://registry.npmjs.org/@firebase/installations-types/-/installations-types-0.5.3.tgz 0ms (cache hit)
677 http cache @firebase/messaging-interop-types@https://registry.npmjs.org/@firebase/messaging-interop-types/-/messaging-interop-types-0.2.3.tgz 0ms (cache hit)
678 http cache @firebase/functions-types@https://registry.npmjs.org/@firebase/functions-types/-/functions-types-0.6.3.tgz 0ms (cache hit)
679 http cache @firebase/firestore-types@https://registry.npmjs.org/@firebase/firestore-types/-/firestore-types-3.0.3.tgz 0ms (cache hit)
680 http cache @grpc/proto-loader@https://registry.npmjs.org/@grpc/proto-loader/-/proto-loader-0.7.15.tgz 0ms (cache hit)
681 http cache @firebase/webchannel-wrapper@https://registry.npmjs.org/@firebase/webchannel-wrapper/-/webchannel-wrapper-1.0.3.tgz 0ms (cache hit)
682 http cache @grpc/grpc-js@https://registry.npmjs.org/@grpc/grpc-js/-/grpc-js-1.9.15.tgz 0ms (cache hit)
683 http cache @firebase/database-types@https://registry.npmjs.org/@firebase/database-types/-/database-types-1.0.14.tgz 0ms (cache hit)
684 http cache faye-websocket@https://registry.npmjs.org/faye-websocket/-/faye-websocket-0.11.4.tgz 0ms (cache hit)
685 http cache @firebase/auth-types@https://registry.npmjs.org/@firebase/auth-types/-/auth-types-0.13.0.tgz 0ms (cache hit)
686 http cache idb@https://registry.npmjs.org/idb/-/idb-7.1.1.tgz 0ms (cache hit)
687 http cache @firebase/auth-interop-types@https://registry.npmjs.org/@firebase/auth-interop-types/-/auth-interop-types-0.2.4.tgz 0ms (cache hit)
688 http cache @firebase/app-check-types@https://registry.npmjs.org/@firebase/app-check-types/-/app-check-types-0.5.3.tgz 0ms (cache hit)
689 http cache tslib@https://registry.npmjs.org/tslib/-/tslib-2.8.1.tgz 0ms (cache hit)
690 http cache @firebase/analytics-types@https://registry.npmjs.org/@firebase/analytics-types/-/analytics-types-0.8.3.tgz 0ms (cache hit)
691 http cache @firebase/logger@https://registry.npmjs.org/@firebase/logger/-/logger-0.4.4.tgz 0ms (cache hit)
692 http cache @firebase/app-check-interop-types@https://registry.npmjs.org/@firebase/app-check-interop-types/-/app-check-interop-types-0.3.3.tgz 0ms (cache hit)
693 http cache @firebase/util@https://registry.npmjs.org/@firebase/util/-/util-1.12.0.tgz 0ms (cache hit)
694 http cache @firebase/component@https://registry.npmjs.org/@firebase/component/-/component-0.6.17.tgz 0ms (cache hit)
695 http cache @firebase/storage-compat@https://registry.npmjs.org/@firebase/storage-compat/-/storage-compat-0.3.21.tgz 0ms (cache hit)
696 http cache @firebase/storage@https://registry.npmjs.org/@firebase/storage/-/storage-0.13.11.tgz 0ms (cache hit)
697 http cache @firebase/remote-config-compat@https://registry.npmjs.org/@firebase/remote-config-compat/-/remote-config-compat-0.2.17.tgz 0ms (cache hit)
698 http cache @firebase/remote-config@https://registry.npmjs.org/@firebase/remote-config/-/remote-config-0.6.4.tgz 0ms (cache hit)
699 http cache @firebase/performance-compat@https://registry.npmjs.org/@firebase/performance-compat/-/performance-compat-0.2.19.tgz 0ms (cache hit)
700 http cache @firebase/performance@https://registry.npmjs.org/@firebase/performance/-/performance-0.7.6.tgz 0ms (cache hit)
701 http cache @firebase/messaging-compat@https://registry.npmjs.org/@firebase/messaging-compat/-/messaging-compat-0.2.21.tgz 0ms (cache hit)
702 http cache @firebase/messaging@https://registry.npmjs.org/@firebase/messaging/-/messaging-0.12.21.tgz 0ms (cache hit)
703 http cache @firebase/installations-compat@https://registry.npmjs.org/@firebase/installations-compat/-/installations-compat-0.2.17.tgz 0ms (cache hit)
704 http cache @firebase/functions-compat@https://registry.npmjs.org/@firebase/functions-compat/-/functions-compat-0.3.24.tgz 0ms (cache hit)
705 http cache @firebase/installations@https://registry.npmjs.org/@firebase/installations/-/installations-0.6.17.tgz 0ms (cache hit)
706 http cache @firebase/firestore-compat@https://registry.npmjs.org/@firebase/firestore-compat/-/firestore-compat-0.3.50.tgz 0ms (cache hit)
707 http cache @firebase/functions@https://registry.npmjs.org/@firebase/functions/-/functions-0.12.7.tgz 0ms (cache hit)
708 http cache @firebase/database-compat@https://registry.npmjs.org/@firebase/database-compat/-/database-compat-2.0.9.tgz 0ms (cache hit)
709 http cache @firebase/firestore@https://registry.npmjs.org/@firebase/firestore/-/firestore-4.7.15.tgz 0ms (cache hit)
710 http cache @firebase/database@https://registry.npmjs.org/@firebase/database/-/database-1.0.18.tgz 0ms (cache hit)
711 http cache @firebase/data-connect@https://registry.npmjs.org/@firebase/data-connect/-/data-connect-0.3.8.tgz 0ms (cache hit)
712 http cache @firebase/auth@https://registry.npmjs.org/@firebase/auth/-/auth-1.10.5.tgz 0ms (cache hit)
713 http cache @firebase/auth-compat@https://registry.npmjs.org/@firebase/auth-compat/-/auth-compat-0.5.25.tgz 0ms (cache hit)
714 http cache @firebase/app-check-compat@https://registry.npmjs.org/@firebase/app-check-compat/-/app-check-compat-0.3.25.tgz 0ms (cache hit)
715 http cache @firebase/app-compat@https://registry.npmjs.org/@firebase/app-compat/-/app-compat-0.4.0.tgz 0ms (cache hit)
716 http cache @firebase/analytics-compat@https://registry.npmjs.org/@firebase/analytics-compat/-/analytics-compat-0.2.22.tgz 0ms (cache hit)
717 http cache @firebase/app-check@https://registry.npmjs.org/@firebase/app-check/-/app-check-0.10.0.tgz 0ms (cache hit)
718 http cache @firebase/analytics@https://registry.npmjs.org/@firebase/analytics/-/analytics-0.10.16.tgz 0ms (cache hit)
719 http cache @firebase/app-types@https://registry.npmjs.org/@firebase/app-types/-/app-types-0.9.3.tgz 0ms (cache hit)
720 http cache @firebase/app@https://registry.npmjs.org/@firebase/app/-/app-0.13.0.tgz 0ms (cache hit)
721 http cache styled-components@https://registry.npmjs.org/styled-components/-/styled-components-6.1.18.tgz 0ms (cache hit)
722 http cache @firebase/ai@https://registry.npmjs.org/@firebase/ai/-/ai-1.3.0.tgz 0ms (cache hit)
723 http cache react-dom@https://registry.npmjs.org/react-dom/-/react-dom-19.1.0.tgz 0ms (cache hit)
724 http cache react-router-dom@https://registry.npmjs.org/react-router-dom/-/react-router-dom-7.6.0.tgz 0ms (cache hit)
725 http cache react-icons@https://registry.npmjs.org/react-icons/-/react-icons-5.5.0.tgz 0ms (cache hit)
726 http cache react@https://registry.npmjs.org/react/-/react-19.1.0.tgz 0ms (cache hit)
727 http cache tslib@https://registry.npmjs.org/tslib/-/tslib-2.6.2.tgz 0ms (cache hit)
728 http cache firebase@https://registry.npmjs.org/firebase/-/firebase-11.8.0.tgz 0ms (cache hit)
729 http cache postcss@https://registry.npmjs.org/postcss/-/postcss-8.4.49.tgz 0ms (cache hit)
730 silly tarball no local data for yargs-parser@https://registry.npmjs.org/yargs-parser/-/yargs-parser-21.1.1.tgz. Extracting by manifest.
731 silly tarball no local data for cliui@https://registry.npmjs.org/cliui/-/cliui-8.0.1.tgz. Extracting by manifest.
732 silly tarball no local data for camelize@https://registry.npmjs.org/camelize/-/camelize-1.0.1.tgz. Extracting by manifest.
733 silly tarball no local data for css-color-keywords@https://registry.npmjs.org/css-color-keywords/-/css-color-keywords-1.0.0.tgz. Extracting by manifest.
734 silly tarball no local data for shallowequal@https://registry.npmjs.org/shallowequal/-/shallowequal-1.1.0.tgz. Extracting by manifest.
735 silly tarball no local data for @emotion/memoize@https://registry.npmjs.org/@emotion/memoize/-/memoize-0.8.1.tgz. Extracting by manifest.
736 silly tarball no local data for stylis@https://registry.npmjs.org/stylis/-/stylis-4.3.2.tgz. Extracting by manifest.
737 silly tarball no local data for csstype@https://registry.npmjs.org/csstype/-/csstype-3.1.3.tgz. Extracting by manifest.
738 silly tarball no local data for @types/stylis@https://registry.npmjs.org/@types/stylis/-/stylis-4.2.5.tgz. Extracting by manifest.
739 silly tarball no local data for css-to-react-native@https://registry.npmjs.org/css-to-react-native/-/css-to-react-native-3.2.0.tgz. Extracting by manifest.
740 silly tarball no local data for @emotion/unitless@https://registry.npmjs.org/@emotion/unitless/-/unitless-0.8.1.tgz. Extracting by manifest.
741 silly tarball no local data for set-cookie-parser@https://registry.npmjs.org/set-cookie-parser/-/set-cookie-parser-2.7.1.tgz. Extracting by manifest.
742 silly tarball no local data for cookie@https://registry.npmjs.org/cookie/-/cookie-1.0.2.tgz. Extracting by manifest.
743 silly tarball no local data for react-router@https://registry.npmjs.org/react-router/-/react-router-7.6.0.tgz. Extracting by manifest.
744 silly tarball no local data for @emotion/is-prop-valid@https://registry.npmjs.org/@emotion/is-prop-valid/-/is-prop-valid-1.2.2.tgz. Extracting by manifest.
745 silly tarball no local data for @protobufjs/utf8@https://registry.npmjs.org/@protobufjs/utf8/-/utf8-1.1.0.tgz. Extracting by manifest.
746 silly tarball no local data for @protobufjs/pool@https://registry.npmjs.org/@protobufjs/pool/-/pool-1.1.0.tgz. Extracting by manifest.
747 silly tarball no local data for @protobufjs/path@https://registry.npmjs.org/@protobufjs/path/-/path-1.1.2.tgz. Extracting by manifest.
748 silly tarball no local data for @protobufjs/inquire@https://registry.npmjs.org/@protobufjs/inquire/-/inquire-1.1.0.tgz. Extracting by manifest.
749 silly tarball no local data for @protobufjs/float@https://registry.npmjs.org/@protobufjs/float/-/float-1.0.2.tgz. Extracting by manifest.
750 silly tarball no local data for @protobufjs/fetch@https://registry.npmjs.org/@protobufjs/fetch/-/fetch-1.1.0.tgz. Extracting by manifest.
751 silly tarball no local data for @protobufjs/eventemitter@https://registry.npmjs.org/@protobufjs/eventemitter/-/eventemitter-1.1.0.tgz. Extracting by manifest.
752 silly tarball no local data for @protobufjs/base64@https://registry.npmjs.org/@protobufjs/base64/-/base64-1.1.2.tgz. Extracting by manifest.
753 silly tarball no local data for @protobufjs/codegen@https://registry.npmjs.org/@protobufjs/codegen/-/codegen-2.0.4.tgz. Extracting by manifest.
754 silly tarball no local data for @protobufjs/aspromise@https://registry.npmjs.org/@protobufjs/aspromise/-/aspromise-1.1.2.tgz. Extracting by manifest.
755 silly tarball no local data for yargs@https://registry.npmjs.org/yargs/-/yargs-17.7.2.tgz. Extracting by manifest.
756 silly tarball no local data for protobufjs@https://registry.npmjs.org/protobufjs/-/protobufjs-7.4.0.tgz. Extracting by manifest.
757 silly tarball no local data for long@https://registry.npmjs.org/long/-/long-5.3.2.tgz. Extracting by manifest.
758 silly tarball no local data for lodash.camelcase@https://registry.npmjs.org/lodash.camelcase/-/lodash.camelcase-4.3.0.tgz. Extracting by manifest.
759 silly tarball no local data for @firebase/storage-types@https://registry.npmjs.org/@firebase/storage-types/-/storage-types-0.8.3.tgz. Extracting by manifest.
760 silly tarball no local data for @firebase/performance-types@https://registry.npmjs.org/@firebase/performance-types/-/performance-types-0.2.3.tgz. Extracting by manifest.
761 silly tarball no local data for @firebase/remote-config-types@https://registry.npmjs.org/@firebase/remote-config-types/-/remote-config-types-0.4.0.tgz. Extracting by manifest.
762 silly tarball no local data for web-vitals@https://registry.npmjs.org/web-vitals/-/web-vitals-4.2.4.tgz. Extracting by manifest.
763 silly tarball no local data for @firebase/installations-types@https://registry.npmjs.org/@firebase/installations-types/-/installations-types-0.5.3.tgz. Extracting by manifest.
764 silly tarball no local data for @firebase/messaging-interop-types@https://registry.npmjs.org/@firebase/messaging-interop-types/-/messaging-interop-types-0.2.3.tgz. Extracting by manifest.
765 silly tarball no local data for @firebase/functions-types@https://registry.npmjs.org/@firebase/functions-types/-/functions-types-0.6.3.tgz. Extracting by manifest.
766 silly tarball no local data for @firebase/firestore-types@https://registry.npmjs.org/@firebase/firestore-types/-/firestore-types-3.0.3.tgz. Extracting by manifest.
767 silly tarball no local data for @grpc/proto-loader@https://registry.npmjs.org/@grpc/proto-loader/-/proto-loader-0.7.15.tgz. Extracting by manifest.
768 silly tarball no local data for @firebase/webchannel-wrapper@https://registry.npmjs.org/@firebase/webchannel-wrapper/-/webchannel-wrapper-1.0.3.tgz. Extracting by manifest.
769 silly tarball no local data for @grpc/grpc-js@https://registry.npmjs.org/@grpc/grpc-js/-/grpc-js-1.9.15.tgz. Extracting by manifest.
770 silly tarball no local data for @firebase/database-types@https://registry.npmjs.org/@firebase/database-types/-/database-types-1.0.14.tgz. Extracting by manifest.
771 silly tarball no local data for @firebase/auth-types@https://registry.npmjs.org/@firebase/auth-types/-/auth-types-0.13.0.tgz. Extracting by manifest.
772 silly tarball no local data for @firebase/auth-interop-types@https://registry.npmjs.org/@firebase/auth-interop-types/-/auth-interop-types-0.2.4.tgz. Extracting by manifest.
773 silly tarball no local data for @firebase/app-check-types@https://registry.npmjs.org/@firebase/app-check-types/-/app-check-types-0.5.3.tgz. Extracting by manifest.
774 silly tarball no local data for @firebase/analytics-types@https://registry.npmjs.org/@firebase/analytics-types/-/analytics-types-0.8.3.tgz. Extracting by manifest.
775 silly tarball no local data for @firebase/logger@https://registry.npmjs.org/@firebase/logger/-/logger-0.4.4.tgz. Extracting by manifest.
776 silly tarball no local data for @firebase/app-check-interop-types@https://registry.npmjs.org/@firebase/app-check-interop-types/-/app-check-interop-types-0.3.3.tgz. Extracting by manifest.
777 silly tarball no local data for @firebase/util@https://registry.npmjs.org/@firebase/util/-/util-1.12.0.tgz. Extracting by manifest.
778 silly tarball no local data for @firebase/component@https://registry.npmjs.org/@firebase/component/-/component-0.6.17.tgz. Extracting by manifest.
779 silly tarball no local data for @firebase/storage-compat@https://registry.npmjs.org/@firebase/storage-compat/-/storage-compat-0.3.21.tgz. Extracting by manifest.
780 silly tarball no local data for @firebase/storage@https://registry.npmjs.org/@firebase/storage/-/storage-0.13.11.tgz. Extracting by manifest.
781 silly tarball no local data for @firebase/remote-config-compat@https://registry.npmjs.org/@firebase/remote-config-compat/-/remote-config-compat-0.2.17.tgz. Extracting by manifest.
782 silly tarball no local data for @firebase/remote-config@https://registry.npmjs.org/@firebase/remote-config/-/remote-config-0.6.4.tgz. Extracting by manifest.
783 silly tarball no local data for @firebase/performance-compat@https://registry.npmjs.org/@firebase/performance-compat/-/performance-compat-0.2.19.tgz. Extracting by manifest.
784 silly tarball no local data for @firebase/performance@https://registry.npmjs.org/@firebase/performance/-/performance-0.7.6.tgz. Extracting by manifest.
785 silly tarball no local data for @firebase/messaging-compat@https://registry.npmjs.org/@firebase/messaging-compat/-/messaging-compat-0.2.21.tgz. Extracting by manifest.
786 silly tarball no local data for @firebase/messaging@https://registry.npmjs.org/@firebase/messaging/-/messaging-0.12.21.tgz. Extracting by manifest.
787 silly tarball no local data for @firebase/installations-compat@https://registry.npmjs.org/@firebase/installations-compat/-/installations-compat-0.2.17.tgz. Extracting by manifest.
788 silly tarball no local data for @firebase/functions-compat@https://registry.npmjs.org/@firebase/functions-compat/-/functions-compat-0.3.24.tgz. Extracting by manifest.
789 silly tarball no local data for @firebase/installations@https://registry.npmjs.org/@firebase/installations/-/installations-0.6.17.tgz. Extracting by manifest.
790 silly tarball no local data for @firebase/firestore-compat@https://registry.npmjs.org/@firebase/firestore-compat/-/firestore-compat-0.3.50.tgz. Extracting by manifest.
791 silly tarball no local data for @firebase/functions@https://registry.npmjs.org/@firebase/functions/-/functions-0.12.7.tgz. Extracting by manifest.
792 silly tarball no local data for @firebase/database-compat@https://registry.npmjs.org/@firebase/database-compat/-/database-compat-2.0.9.tgz. Extracting by manifest.
793 silly tarball no local data for @firebase/firestore@https://registry.npmjs.org/@firebase/firestore/-/firestore-4.7.15.tgz. Extracting by manifest.
794 silly tarball no local data for @firebase/database@https://registry.npmjs.org/@firebase/database/-/database-1.0.18.tgz. Extracting by manifest.
795 silly tarball no local data for @firebase/data-connect@https://registry.npmjs.org/@firebase/data-connect/-/data-connect-0.3.8.tgz. Extracting by manifest.
796 silly tarball no local data for @firebase/auth@https://registry.npmjs.org/@firebase/auth/-/auth-1.10.5.tgz. Extracting by manifest.
797 silly tarball no local data for @firebase/auth-compat@https://registry.npmjs.org/@firebase/auth-compat/-/auth-compat-0.5.25.tgz. Extracting by manifest.
798 silly tarball no local data for @firebase/app-check-compat@https://registry.npmjs.org/@firebase/app-check-compat/-/app-check-compat-0.3.25.tgz. Extracting by manifest.
799 silly tarball no local data for @firebase/app-compat@https://registry.npmjs.org/@firebase/app-compat/-/app-compat-0.4.0.tgz. Extracting by manifest.
800 silly tarball no local data for @firebase/analytics-compat@https://registry.npmjs.org/@firebase/analytics-compat/-/analytics-compat-0.2.22.tgz. Extracting by manifest.
801 silly tarball no local data for @firebase/app-check@https://registry.npmjs.org/@firebase/app-check/-/app-check-0.10.0.tgz. Extracting by manifest.
802 silly tarball no local data for @firebase/analytics@https://registry.npmjs.org/@firebase/analytics/-/analytics-0.10.16.tgz. Extracting by manifest.
803 silly tarball no local data for @firebase/app-types@https://registry.npmjs.org/@firebase/app-types/-/app-types-0.9.3.tgz. Extracting by manifest.
804 silly tarball no local data for @firebase/app@https://registry.npmjs.org/@firebase/app/-/app-0.13.0.tgz. Extracting by manifest.
805 silly tarball no local data for styled-components@https://registry.npmjs.org/styled-components/-/styled-components-6.1.18.tgz. Extracting by manifest.
806 silly tarball no local data for @firebase/ai@https://registry.npmjs.org/@firebase/ai/-/ai-1.3.0.tgz. Extracting by manifest.
807 silly tarball no local data for react-router-dom@https://registry.npmjs.org/react-router-dom/-/react-router-dom-7.6.0.tgz. Extracting by manifest.
808 silly tarball no local data for react-icons@https://registry.npmjs.org/react-icons/-/react-icons-5.5.0.tgz. Extracting by manifest.
809 silly tarball no local data for tslib@https://registry.npmjs.org/tslib/-/tslib-2.6.2.tgz. Extracting by manifest.
810 silly tarball no local data for firebase@https://registry.npmjs.org/firebase/-/firebase-11.8.0.tgz. Extracting by manifest.
811 silly tarball no local data for postcss@https://registry.npmjs.org/postcss/-/postcss-8.4.49.tgz. Extracting by manifest.
812 http fetch GET 200 https://registry.npmjs.org/cliui/-/cliui-8.0.1.tgz 503ms (cache miss)
813 http fetch GET 200 https://registry.npmjs.org/camelize/-/camelize-1.0.1.tgz 502ms (cache miss)
814 http fetch GET 200 https://registry.npmjs.org/@protobufjs/utf8/-/utf8-1.1.0.tgz 610ms (cache miss)
815 http fetch GET 200 https://registry.npmjs.org/@protobufjs/pool/-/pool-1.1.0.tgz 611ms (cache miss)
816 http fetch GET 200 https://registry.npmjs.org/@protobufjs/path/-/path-1.1.2.tgz 610ms (cache miss)
817 http fetch GET 200 https://registry.npmjs.org/shallowequal/-/shallowequal-1.1.0.tgz 795ms (cache miss)
818 http fetch GET 200 https://registry.npmjs.org/@protobufjs/inquire/-/inquire-1.1.0.tgz 789ms (cache miss)
819 http fetch GET 200 https://registry.npmjs.org/@protobufjs/fetch/-/fetch-1.1.0.tgz 789ms (cache miss)
820 http fetch GET 200 https://registry.npmjs.org/@protobufjs/float/-/float-1.0.2.tgz 789ms (cache miss)
821 http fetch GET 200 https://registry.npmjs.org/@types/stylis/-/stylis-4.2.5.tgz 820ms (cache miss)
822 http fetch GET 200 https://registry.npmjs.org/@protobufjs/eventemitter/-/eventemitter-1.1.0.tgz 836ms (cache miss)
823 http fetch GET 200 https://registry.npmjs.org/css-color-keywords/-/css-color-keywords-1.0.0.tgz 910ms (cache miss)
824 http fetch GET 200 https://registry.npmjs.org/@firebase/remote-config-types/-/remote-config-types-0.4.0.tgz 896ms (cache miss)
825 http fetch GET 200 https://registry.npmjs.org/@firebase/performance-types/-/performance-types-0.2.3.tgz 898ms (cache miss)
826 http fetch GET 200 https://registry.npmjs.org/@protobufjs/aspromise/-/aspromise-1.1.2.tgz 929ms (cache miss)
827 http fetch GET 200 https://registry.npmjs.org/@protobufjs/base64/-/base64-1.1.2.tgz 930ms (cache miss)
828 http fetch GET 200 https://registry.npmjs.org/@protobufjs/codegen/-/codegen-2.0.4.tgz 930ms (cache miss)
829 http fetch GET 200 https://registry.npmjs.org/@firebase/storage-types/-/storage-types-0.8.3.tgz 928ms (cache miss)
830 http fetch GET 200 https://registry.npmjs.org/@firebase/installations-types/-/installations-types-0.5.3.tgz 926ms (cache miss)
831 http fetch GET 200 https://registry.npmjs.org/@firebase/messaging-interop-types/-/messaging-interop-types-0.2.3.tgz 927ms (cache miss)
832 http fetch GET 200 https://registry.npmjs.org/yargs-parser/-/yargs-parser-21.1.1.tgz 958ms (cache miss)
833 http fetch GET 200 https://registry.npmjs.org/set-cookie-parser/-/set-cookie-parser-2.7.1.tgz 953ms (cache miss)
834 http fetch GET 200 https://registry.npmjs.org/@firebase/app-check-types/-/app-check-types-0.5.3.tgz 939ms (cache miss)
835 http fetch GET 200 https://registry.npmjs.org/lodash.camelcase/-/lodash.camelcase-4.3.0.tgz 959ms (cache miss)
836 http fetch GET 200 https://registry.npmjs.org/@firebase/database-types/-/database-types-1.0.14.tgz 955ms (cache miss)
837 http fetch GET 200 https://registry.npmjs.org/@firebase/app-check-interop-types/-/app-check-interop-types-0.3.3.tgz 952ms (cache miss)
838 http fetch GET 200 https://registry.npmjs.org/@firebase/firestore-types/-/firestore-types-3.0.3.tgz 971ms (cache miss)
839 http fetch GET 200 https://registry.npmjs.org/@firebase/functions-types/-/functions-types-0.6.3.tgz 972ms (cache miss)
840 http fetch GET 200 https://registry.npmjs.org/@firebase/auth-interop-types/-/auth-interop-types-0.2.4.tgz 969ms (cache miss)
841 http fetch GET 200 https://registry.npmjs.org/@firebase/component/-/component-0.6.17.tgz 966ms (cache miss)
842 http fetch GET 200 https://registry.npmjs.org/@firebase/analytics-types/-/analytics-types-0.8.3.tgz 968ms (cache miss)
843 http fetch GET 200 https://registry.npmjs.org/@firebase/logger/-/logger-0.4.4.tgz 968ms (cache miss)
844 http fetch GET 200 https://registry.npmjs.org/@firebase/storage-compat/-/storage-compat-0.3.21.tgz 967ms (cache miss)
845 http fetch GET 200 https://registry.npmjs.org/@emotion/unitless/-/unitless-0.8.1.tgz 998ms (cache miss)
846 http fetch GET 200 https://registry.npmjs.org/@firebase/auth-types/-/auth-types-0.13.0.tgz 985ms (cache miss)
847 http fetch GET 200 https://registry.npmjs.org/@firebase/performance-compat/-/performance-compat-0.2.19.tgz 980ms (cache miss)
848 http fetch GET 200 https://registry.npmjs.org/cookie/-/cookie-1.0.2.tgz 1036ms (cache miss)
849 http fetch GET 200 https://registry.npmjs.org/@firebase/analytics-compat/-/analytics-compat-0.2.22.tgz 1014ms (cache miss)
850 http fetch GET 200 https://registry.npmjs.org/react-router-dom/-/react-router-dom-7.6.0.tgz 1035ms (cache miss)
851 http fetch GET 200 https://registry.npmjs.org/@firebase/app-types/-/app-types-0.9.3.tgz 1047ms (cache miss)
852 http fetch GET 200 https://registry.npmjs.org/@emotion/memoize/-/memoize-0.8.1.tgz 1099ms (cache miss)
853 http fetch GET 200 https://registry.npmjs.org/@firebase/installations-compat/-/installations-compat-0.2.17.tgz 1086ms (cache miss)
854 http fetch GET 200 https://registry.npmjs.org/@firebase/app-check-compat/-/app-check-compat-0.3.25.tgz 1100ms (cache miss)
855 http fetch GET 200 https://registry.npmjs.org/@emotion/is-prop-valid/-/is-prop-valid-1.2.2.tgz 1150ms (cache miss)
856 http fetch GET 200 https://registry.npmjs.org/@firebase/remote-config-compat/-/remote-config-compat-0.2.17.tgz 1172ms (cache miss)
857 http fetch GET 200 https://registry.npmjs.org/tslib/-/tslib-2.6.2.tgz 1163ms (cache miss)
858 http fetch GET 200 https://registry.npmjs.org/@firebase/messaging-compat/-/messaging-compat-0.2.21.tgz 1180ms (cache miss)
859 http fetch GET 200 https://registry.npmjs.org/long/-/long-5.3.2.tgz 1207ms (cache miss)
860 http fetch GET 200 https://registry.npmjs.org/@firebase/functions-compat/-/functions-compat-0.3.24.tgz 1203ms (cache miss)
861 http fetch GET 200 https://registry.npmjs.org/@grpc/proto-loader/-/proto-loader-0.7.15.tgz 1275ms (cache miss)
862 http fetch GET 200 https://registry.npmjs.org/stylis/-/stylis-4.3.2.tgz 1367ms (cache miss)
863 http fetch GET 200 https://registry.npmjs.org/@firebase/functions/-/functions-0.12.7.tgz 1365ms (cache miss)
864 http fetch GET 200 https://registry.npmjs.org/css-to-react-native/-/css-to-react-native-3.2.0.tgz 1423ms (cache miss)
865 http fetch GET 200 https://registry.npmjs.org/@firebase/app-compat/-/app-compat-0.4.0.tgz 1433ms (cache miss)
866 http fetch GET 200 https://registry.npmjs.org/@firebase/webchannel-wrapper/-/webchannel-wrapper-1.0.3.tgz 1469ms (cache miss)
867 http fetch GET 200 https://registry.npmjs.org/postcss/-/postcss-8.4.49.tgz 1508ms (cache miss)
868 http fetch GET 200 https://registry.npmjs.org/@firebase/app/-/app-0.13.0.tgz 1522ms (cache miss)
869 http fetch GET 200 https://registry.npmjs.org/@firebase/analytics/-/analytics-0.10.16.tgz 1579ms (cache miss)
870 http fetch GET 200 https://registry.npmjs.org/@firebase/app-check/-/app-check-0.10.0.tgz 1647ms (cache miss)
871 http fetch GET 200 https://registry.npmjs.org/@firebase/remote-config/-/remote-config-0.6.4.tgz 1664ms (cache miss)
872 http fetch GET 200 https://registry.npmjs.org/csstype/-/csstype-3.1.3.tgz 1717ms (cache miss)
873 http fetch GET 200 https://registry.npmjs.org/yargs/-/yargs-17.7.2.tgz 1715ms (cache miss)
874 http fetch GET 200 https://registry.npmjs.org/@firebase/installations/-/installations-0.6.17.tgz 1708ms (cache miss)
875 http fetch GET 200 https://registry.npmjs.org/@firebase/performance/-/performance-0.7.6.tgz 1729ms (cache miss)
876 http fetch GET 200 https://registry.npmjs.org/@firebase/data-connect/-/data-connect-0.3.8.tgz 1754ms (cache miss)
877 http fetch GET 200 https://registry.npmjs.org/@firebase/firestore-compat/-/firestore-compat-0.3.50.tgz 1865ms (cache miss)
878 http fetch GET 200 https://registry.npmjs.org/@firebase/messaging/-/messaging-0.12.21.tgz 2043ms (cache miss)
879 http fetch GET 200 https://registry.npmjs.org/@firebase/util/-/util-1.12.0.tgz 2069ms (cache miss)
880 http fetch GET 200 https://registry.npmjs.org/web-vitals/-/web-vitals-4.2.4.tgz 2106ms (cache miss)
881 http fetch GET 200 https://registry.npmjs.org/@firebase/ai/-/ai-1.3.0.tgz 2099ms (cache miss)
882 http fetch GET 200 https://registry.npmjs.org/@firebase/auth-compat/-/auth-compat-0.5.25.tgz 2114ms (cache miss)
883 http fetch GET 200 https://registry.npmjs.org/react-router/-/react-router-7.6.0.tgz 2199ms (cache miss)
884 http fetch GET 200 https://registry.npmjs.org/@firebase/database-compat/-/database-compat-2.0.9.tgz 2202ms (cache miss)
885 http fetch GET 200 https://registry.npmjs.org/@firebase/storage/-/storage-0.13.11.tgz 2280ms (cache miss)
886 http fetch GET 200 https://registry.npmjs.org/protobufjs/-/protobufjs-7.4.0.tgz 2330ms (cache miss)
887 http fetch GET 200 https://registry.npmjs.org/styled-components/-/styled-components-6.1.18.tgz 2364ms (cache miss)
888 http fetch GET 200 https://registry.npmjs.org/@grpc/grpc-js/-/grpc-js-1.9.15.tgz 2688ms (cache miss)
889 http fetch GET 200 https://registry.npmjs.org/@firebase/database/-/database-1.0.18.tgz 2863ms (cache miss)
890 http fetch GET 200 https://registry.npmjs.org/@firebase/firestore/-/firestore-4.7.15.tgz 4947ms (cache miss)
891 http fetch GET 200 https://registry.npmjs.org/@firebase/auth/-/auth-1.10.5.tgz 5487ms (cache miss)
892 http fetch GET 200 https://registry.npmjs.org/react-icons/-/react-icons-5.5.0.tgz 7263ms (cache miss)
893 http fetch GET 200 https://registry.npmjs.org/firebase/-/firebase-11.8.0.tgz 8100ms (cache miss)
894 info run @firebase/util@1.12.0 postinstall node_modules/@firebase/util node ./postinstall.js
895 info run protobufjs@7.4.0 postinstall node_modules/protobufjs node scripts/postinstall
896 info run @firebase/util@1.12.0 postinstall { code: 0, signal: null }
897 info run protobufjs@7.4.0 postinstall { code: 0, signal: null }
898 silly ADD node_modules/color-name
899 silly ADD node_modules/color-convert
900 silly ADD node_modules/ansi-styles
901 silly ADD node_modules/ansi-regex
902 silly ADD node_modules/is-fullwidth-code-point
903 silly ADD node_modules/emoji-regex
904 silly ADD node_modules/wrap-ansi
905 silly ADD node_modules/strip-ansi
906 silly ADD node_modules/yargs-parser
907 silly ADD node_modules/y18n
908 silly ADD node_modules/string-width
909 silly ADD node_modules/require-directory
910 silly ADD node_modules/get-caller-file
911 silly ADD node_modules/escalade
912 silly ADD node_modules/cliui
913 silly ADD node_modules/websocket-extensions
914 silly ADD node_modules/safe-buffer
915 silly ADD node_modules/http-parser-js
916 silly ADD node_modules/source-map-js
917 silly ADD node_modules/picocolors
918 silly ADD node_modules/nanoid
919 silly ADD node_modules/postcss-value-parser
920 silly ADD node_modules/css-color-keywords
921 silly ADD node_modules/camelize
922 silly ADD node_modules/@emotion/memoize
923 silly ADD node_modules/stylis
924 silly ADD node_modules/shallowequal
925 silly ADD node_modules/postcss
926 silly ADD node_modules/csstype
927 silly ADD node_modules/css-to-react-native
928 silly ADD node_modules/@types/stylis
929 silly ADD node_modules/@emotion/unitless
930 silly ADD node_modules/@emotion/is-prop-valid
931 silly ADD node_modules/set-cookie-parser
932 silly ADD node_modules/cookie
933 silly ADD node_modules/react-router
934 silly ADD node_modules/scheduler
935 silly ADD node_modules/@protobufjs/utf8
936 silly ADD node_modules/@protobufjs/pool
937 silly ADD node_modules/@protobufjs/path
938 silly ADD node_modules/@protobufjs/inquire
939 silly ADD node_modules/@protobufjs/float
940 silly ADD node_modules/@protobufjs/fetch
941 silly ADD node_modules/@protobufjs/eventemitter
942 silly ADD node_modules/@protobufjs/codegen
943 silly ADD node_modules/@protobufjs/base64
944 silly ADD node_modules/@protobufjs/aspromise
945 silly ADD node_modules/websocket-driver
946 silly ADD node_modules/undici-types
947 silly ADD node_modules/yargs
948 silly ADD node_modules/protobufjs
949 silly ADD node_modules/long
950 silly ADD node_modules/lodash.camelcase
951 silly ADD node_modules/@types/node
952 silly ADD node_modules/@firebase/storage-types
953 silly ADD node_modules/@firebase/remote-config-types
954 silly ADD node_modules/@firebase/performance-types
955 silly ADD node_modules/web-vitals
956 silly ADD node_modules/@firebase/installations-types
957 silly ADD node_modules/@firebase/functions-types
958 silly ADD node_modules/@firebase/messaging-interop-types
959 silly ADD node_modules/@firebase/firestore-types
960 silly ADD node_modules/@grpc/proto-loader
961 silly ADD node_modules/@grpc/grpc-js
962 silly ADD node_modules/@firebase/webchannel-wrapper
963 silly ADD node_modules/@firebase/database-types
964 silly ADD node_modules/faye-websocket
965 silly ADD node_modules/@firebase/auth-interop-types
966 silly ADD node_modules/@firebase/auth-types
967 silly ADD node_modules/@firebase/app-check-types
968 silly ADD node_modules/idb
969 silly ADD node_modules/@firebase/analytics-types
970 silly ADD node_modules/tslib
971 silly ADD node_modules/@firebase/logger
972 silly ADD node_modules/@firebase/component
973 silly ADD node_modules/@firebase/app-check-interop-types
974 silly ADD node_modules/@firebase/util
975 silly ADD node_modules/@firebase/storage-compat
976 silly ADD node_modules/@firebase/storage
977 silly ADD node_modules/@firebase/remote-config-compat
978 silly ADD node_modules/@firebase/remote-config
979 silly ADD node_modules/@firebase/performance-compat
980 silly ADD node_modules/@firebase/performance
981 silly ADD node_modules/@firebase/messaging-compat
982 silly ADD node_modules/@firebase/messaging
983 silly ADD node_modules/@firebase/installations-compat
984 silly ADD node_modules/@firebase/installations
985 silly ADD node_modules/@firebase/functions-compat
986 silly ADD node_modules/@firebase/functions
987 silly ADD node_modules/@firebase/firestore-compat
988 silly ADD node_modules/@firebase/firestore
989 silly ADD node_modules/@firebase/database-compat
990 silly ADD node_modules/@firebase/database
991 silly ADD node_modules/@firebase/data-connect
992 silly ADD node_modules/@firebase/auth-compat
993 silly ADD node_modules/@firebase/auth
994 silly ADD node_modules/@firebase/app-check-compat
995 silly ADD node_modules/@firebase/app-check
996 silly ADD node_modules/@firebase/app-compat
997 silly ADD node_modules/@firebase/analytics-compat
998 silly ADD node_modules/@firebase/analytics
999 silly ADD node_modules/@firebase/app-types
1000 silly ADD node_modules/@firebase/app
1001 silly ADD node_modules/@firebase/ai
1002 silly ADD node_modules/styled-components
1003 silly ADD node_modules/styled-components/node_modules/tslib
1004 silly ADD node_modules/react-dom
1005 silly ADD node_modules/react-router-dom
1006 silly ADD node_modules/react
1007 silly ADD node_modules/react-icons
1008 silly ADD node_modules/firebase
1009 verbose cwd /home/ubuntu/unicedup-jornal
1010 verbose os Linux 6.1.102
1011 verbose node v22.13.0
1012 verbose npm  v10.9.2
1013 verbose exit 0
1014 info ok
