2025-05-20 13:11:54.379 [info] [main] Log level: Info
2025-05-20 13:11:54.379 [info] [main] Validating found git in: "git"
2025-05-20 13:11:54.379 [info] [main] Using git "2.34.1" from "git"
2025-05-20 13:11:54.379 [info] [Model][doInitialScan] Initial repository scan started
2025-05-20 13:11:54.379 [info] > git rev-parse --show-toplevel [5ms]
2025-05-20 13:11:54.379 [info] fatal: not a git repository (or any of the parent directories): .git
2025-05-20 13:11:54.379 [info] > git rev-parse --show-toplevel [2ms]
2025-05-20 13:11:54.379 [info] fatal: not a git repository (or any of the parent directories): .git
2025-05-20 13:11:54.379 [info] > git rev-parse --show-toplevel [2ms]
2025-05-20 13:11:54.379 [info] fatal: not a git repository (or any of the parent directories): .git
2025-05-20 13:11:54.379 [info] > git rev-parse --show-toplevel [2ms]
2025-05-20 13:11:54.379 [info] fatal: not a git repository (or any of the parent directories): .git
2025-05-20 13:11:54.379 [info] > git rev-parse --show-toplevel [2ms]
2025-05-20 13:11:54.379 [info] fatal: not a git repository (or any of the parent directories): .git
2025-05-20 13:11:54.379 [info] > git rev-parse --show-toplevel [2ms]
2025-05-20 13:11:54.379 [info] fatal: not a git repository (or any of the parent directories): .git
2025-05-20 13:11:54.455 [info] > git rev-parse --show-toplevel [92ms]
2025-05-20 13:11:54.463 [info] > git rev-parse --git-dir --git-common-dir [3ms]
2025-05-20 13:11:54.477 [info] [Model][openRepository] Opened repository (path): /home/ubuntu/.nvm
2025-05-20 13:11:54.477 [info] [Model][openRepository] Opened repository (real path): /home/ubuntu/.nvm
2025-05-20 13:11:54.492 [info] > git rev-parse --show-toplevel [4ms]
2025-05-20 13:11:54.492 [info] fatal: not a git repository (or any of the parent directories): .git
2025-05-20 13:11:54.493 [info] > git config --get commit.template [8ms]
2025-05-20 13:11:54.534 [info] > git for-each-ref --format %(refname)%00%(objectname)%00%(*objectname) refs/tags [37ms]
2025-05-20 13:11:54.543 [info] > git rev-parse --show-toplevel [11ms]
2025-05-20 13:11:54.543 [info] fatal: not a git repository (or any of the parent directories): .git
2025-05-20 13:11:54.549 [info] > git for-each-ref --sort -committerdate --format %(refname)%00%(objectname)%00%(*objectname) [7ms]
2025-05-20 13:11:54.550 [info] > git rev-parse --show-toplevel [3ms]
2025-05-20 13:11:54.550 [info] fatal: not a git repository (or any of the parent directories): .git
2025-05-20 13:11:54.555 [info] [Model][doInitialScan] Initial repository scan completed - repositories (1), closed repositories (0), parent repositories (0), unsafe repositories (0)
2025-05-20 13:11:54.638 [info] > git status -z -uall [100ms]
2025-05-20 13:11:54.879 [info] > git config --get commit.template [40ms]
2025-05-20 13:11:54.880 [info] > git for-each-ref --format %(refname)%00%(objectname)%00%(*objectname) refs/tags [2ms]
2025-05-20 13:11:54.890 [info] > git for-each-ref --sort -committerdate --format %(refname)%00%(objectname)%00%(*objectname) [3ms]
2025-05-20 13:11:54.907 [info] > git status -z -uall [23ms]
2025-05-20 13:11:55.056 [info] > git check-ignore -v -z --stdin [3ms]
2025-05-20 13:11:55.415 [info] > git rev-parse --show-toplevel [2ms]
2025-05-20 13:11:56.435 [info] > git rev-parse --show-toplevel [3ms]
2025-05-20 13:11:56.435 [info] fatal: not a git repository (or any of the parent directories): .git
2025-05-20 13:11:56.443 [info] > git rev-parse --show-toplevel [4ms]
2025-05-20 13:11:56.443 [info] fatal: not a git repository (or any of the parent directories): .git
