2025-05-20 13:56:43.753 [info] [main] Log level: Info
2025-05-20 13:56:43.753 [info] [main] Validating found git in: "git"
2025-05-20 13:56:43.753 [info] [main] Using git "2.34.1" from "git"
2025-05-20 13:56:43.753 [info] [Model][doInitialScan] Initial repository scan started
2025-05-20 13:56:43.753 [info] > git rev-parse --show-toplevel [60ms]
2025-05-20 13:56:43.753 [info] fatal: not a git repository (or any of the parent directories): .git
2025-05-20 13:56:43.763 [info] > git rev-parse --show-toplevel [10ms]
2025-05-20 13:56:43.763 [info] fatal: not a git repository (or any of the parent directories): .git
2025-05-20 13:56:43.771 [info] > git rev-parse --show-toplevel [3ms]
2025-05-20 13:56:43.771 [info] fatal: not a git repository (or any of the parent directories): .git
2025-05-20 13:56:43.935 [info] > git rev-parse --show-toplevel [124ms]
2025-05-20 13:56:43.935 [info] fatal: not a git repository (or any of the parent directories): .git
2025-05-20 13:56:43.945 [info] > git rev-parse --show-toplevel [5ms]
2025-05-20 13:56:43.945 [info] fatal: not a git repository (or any of the parent directories): .git
2025-05-20 13:56:43.951 [info] > git rev-parse --show-toplevel [3ms]
2025-05-20 13:56:43.951 [info] fatal: not a git repository (or any of the parent directories): .git
2025-05-20 13:56:43.958 [info] > git rev-parse --show-toplevel [4ms]
2025-05-20 13:56:43.965 [info] > git rev-parse --git-dir --git-common-dir [3ms]
2025-05-20 13:56:43.981 [info] [Model][openRepository] Opened repository (path): /home/ubuntu/.nvm
2025-05-20 13:56:43.981 [info] [Model][openRepository] Opened repository (real path): /home/ubuntu/.nvm
2025-05-20 13:56:43.994 [info] > git config --get commit.template [6ms]
2025-05-20 13:56:44.011 [info] > git rev-parse --show-toplevel [18ms]
2025-05-20 13:56:44.011 [info] fatal: not a git repository (or any of the parent directories): .git
2025-05-20 13:56:44.015 [info] > git for-each-ref --format %(refname)%00%(objectname)%00%(*objectname) refs/tags [7ms]
2025-05-20 13:56:44.092 [info] > git for-each-ref --sort -committerdate --format %(refname)%00%(objectname)%00%(*objectname) [28ms]
2025-05-20 13:56:44.094 [info] > git rev-parse --show-toplevel [10ms]
2025-05-20 13:56:44.094 [info] fatal: not a git repository (or any of the parent directories): .git
2025-05-20 13:56:44.112 [info] > git status -z -uall [72ms]
2025-05-20 13:56:44.145 [info] > git rev-parse --show-toplevel [35ms]
2025-05-20 13:56:44.145 [info] fatal: not a git repository (or any of the parent directories): .git
2025-05-20 13:56:44.151 [info] [Model][doInitialScan] Initial repository scan completed - repositories (1), closed repositories (0), parent repositories (0), unsafe repositories (0)
2025-05-20 13:56:44.152 [info] > git config --get commit.template [7ms]
2025-05-20 13:56:44.194 [info] > git for-each-ref --format %(refname)%00%(objectname)%00%(*objectname) refs/tags [37ms]
2025-05-20 13:56:44.210 [info] > git for-each-ref --sort -committerdate --format %(refname)%00%(objectname)%00%(*objectname) [9ms]
2025-05-20 13:56:44.226 [info] > git status -z -uall [28ms]
2025-05-20 13:56:44.716 [info] > git check-ignore -v -z --stdin [6ms]
2025-05-20 13:56:44.734 [info] > git rev-parse --show-toplevel [3ms]
2025-05-20 13:56:52.411 [info] > git rev-parse --show-toplevel [4ms]
2025-05-20 13:56:52.411 [info] fatal: not a git repository (or any of the parent directories): .git
2025-05-20 13:56:52.537 [info] > git rev-parse --show-toplevel [5ms]
2025-05-20 13:56:52.537 [info] fatal: not a git repository (or any of the parent directories): .git
2025-05-20 13:56:55.134 [info] > git config --get commit.template [8ms]
2025-05-20 13:56:55.137 [info] > git for-each-ref --format %(refname)%00%(objectname)%00%(*objectname) refs/tags [4ms]
2025-05-20 13:56:55.147 [info] > git for-each-ref --sort -committerdate --format %(refname)%00%(objectname)%00%(*objectname) [4ms]
2025-05-20 13:56:55.173 [info] > git status -z -uall [33ms]
2025-05-20 13:56:55.690 [info] > git rev-parse --show-toplevel [5ms]
2025-05-20 13:57:14.766 [info] > git config --get commit.template [5ms]
2025-05-20 13:57:14.768 [info] > git for-each-ref --format %(refname)%00%(objectname)%00%(*objectname) refs/tags [2ms]
2025-05-20 13:57:14.777 [info] > git for-each-ref --sort -committerdate --format %(refname)%00%(objectname)%00%(*objectname) [2ms]
2025-05-20 13:57:14.795 [info] > git status -z -uall [24ms]
2025-05-20 13:57:15.303 [info] > git rev-parse --show-toplevel [3ms]
2025-05-20 13:57:17.663 [info] > git rev-parse --show-toplevel [2ms]
2025-05-20 13:57:17.663 [info] fatal: not a git repository (or any of the parent directories): .git
2025-05-20 13:57:17.922 [info] > git check-ignore -v -z --stdin [3ms]
2025-05-20 13:57:19.484 [info] > git rev-parse --show-toplevel [3ms]
2025-05-20 13:57:19.484 [info] fatal: not a git repository (or any of the parent directories): .git
2025-05-20 13:57:19.754 [info] > git check-ignore -v -z --stdin [2ms]
2025-05-20 13:57:19.809 [info] > git config --get commit.template [6ms]
2025-05-20 13:57:19.812 [info] > git for-each-ref --format %(refname)%00%(objectname)%00%(*objectname) refs/tags [4ms]
2025-05-20 13:57:19.821 [info] > git for-each-ref --sort -committerdate --format %(refname)%00%(objectname)%00%(*objectname) [2ms]
2025-05-20 13:57:19.852 [info] > git status -z -uall [36ms]
2025-05-20 13:57:20.361 [info] > git rev-parse --show-toplevel [2ms]
2025-05-20 13:57:21.216 [info] > git rev-parse --show-toplevel [2ms]
2025-05-20 13:57:21.216 [info] fatal: not a git repository (or any of the parent directories): .git
2025-05-20 13:57:37.996 [info] > git rev-parse --show-toplevel [2ms]
2025-05-20 13:57:37.997 [info] fatal: not a git repository (or any of the parent directories): .git
2025-05-20 13:57:57.330 [info] > git rev-parse --show-toplevel [5ms]
2025-05-20 13:57:57.330 [info] fatal: not a git repository (or any of the parent directories): .git
2025-05-20 13:58:01.549 [info] > git rev-parse --show-toplevel [3ms]
2025-05-20 13:58:01.554 [info] > git rev-parse --git-dir --git-common-dir [2ms]
2025-05-20 13:58:01.560 [info] [Model][openRepository] Opened repository (path): /home/ubuntu
2025-05-20 13:58:01.560 [info] [Model][openRepository] Opened repository (real path): /home/ubuntu
2025-05-20 13:58:01.571 [info] [Git][getRemotes] No remotes found in the git config file
2025-05-20 13:58:01.572 [info] > git config --get commit.template [6ms]
2025-05-20 13:58:01.572 [info] > git for-each-ref --format=%(refname)%00%(upstream:short)%00%(objectname)%00%(upstream:track)%00%(upstream:remotename)%00%(upstream:remoteref) refs/heads/master refs/remotes/master [2ms]
2025-05-20 13:58:01.573 [warning] [Git][getBranch] No such branch: master
2025-05-20 13:58:01.583 [info] > git for-each-ref --sort -committerdate --format %(refname)%00%(objectname)%00%(*objectname) [3ms]
2025-05-20 13:58:01.919 [info] > git status -z -uall [343ms] (cancelled)
2025-05-20 13:58:04.052 [info] > git for-each-ref --format=%(refname)%00%(upstream:short)%00%(objectname)%00%(upstream:track)%00%(upstream:remotename)%00%(upstream:remoteref) refs/heads/master refs/remotes/master [1965ms]
2025-05-20 13:58:04.053 [warning] [Git][getBranch] No such branch: master
2025-05-20 13:58:04.053 [error] [GitHistoryProvider][resolveHEADMergeBase] Failed to resolve merge base for master: Error: No such branch: master.
2025-05-20 13:58:04.091 [info] > git check-ignore -v -z --stdin [6ms]
2025-05-20 13:58:04.092 [info] > git check-ignore -v -z --stdin [3ms]
2025-05-20 13:58:04.093 [info] > git config --get commit.template [42ms]
2025-05-20 13:58:04.098 [info] [Git][getRemotes] No remotes found in the git config file
2025-05-20 13:58:04.102 [info] > git for-each-ref --format=%(refname)%00%(upstream:short)%00%(objectname)%00%(upstream:track)%00%(upstream:remotename)%00%(upstream:remoteref) refs/heads/master refs/remotes/master [4ms]
2025-05-20 13:58:04.102 [warning] [Git][getBranch] No such branch: master
2025-05-20 13:58:04.114 [info] > git for-each-ref --sort -committerdate --format %(refname)%00%(objectname)%00%(*objectname) [4ms]
2025-05-20 13:58:04.600 [info] > git status -z -uall [494ms] (cancelled)
2025-05-20 13:58:33.188 [info] > git log --format=%H%n%aN%n%aE%n%at%n%ct%n%P%n%D%n%B -z --shortstat --diff-merges=first-parent -n50 --skip=0 --topo-order --decorate=full --stdin [38ms]
2025-05-20 13:58:35.906 [info] > git add -A -- .gitignore [4ms]
2025-05-20 13:58:35.927 [info] > git config --get commit.template [6ms]
2025-05-20 13:58:35.929 [info] > git for-each-ref --format=%(refname)%00%(upstream:short)%00%(objectname)%00%(upstream:track)%00%(upstream:remotename)%00%(upstream:remoteref) refs/heads/master refs/remotes/master [3ms]
2025-05-20 13:58:35.929 [warning] [Git][getBranch] No such branch: master
2025-05-20 13:58:35.941 [info] > git for-each-ref --sort -committerdate --format %(refname)%00%(objectname)%00%(*objectname) [2ms]
2025-05-20 13:58:38.874 [info] > git status -z -uall [2941ms] (cancelled)
2025-05-20 13:58:39.598 [info] > git show --textconv :.gitignore [19ms]
2025-05-20 13:58:39.598 [info] > git show --textconv HEAD:.gitignore [13ms]
2025-05-20 13:58:39.598 [info] > git ls-files --stage -- .gitignore [7ms]
2025-05-20 13:58:39.611 [info] > git cat-file -s 24cdedf82f1b1bd6edaca14b7ca5b4d98868246e [8ms]
2025-05-20 13:58:39.612 [info] > git ls-tree -l HEAD -- .gitignore [15ms]
2025-05-20 13:58:39.612 [info] fatal: Not a valid object name HEAD
2025-05-20 13:58:39.618 [info] > git hash-object -t tree /dev/null [9ms]
2025-05-20 13:58:39.618 [warning] [GitFileSystemProvider][readFile] File not found - git:/home/ubuntu/.gitignore.git?%7B%22path%22%3A%22%2Fhome%2Fubuntu%2F.gitignore%22%2C%22ref%22%3A%22HEAD%22%7D
2025-05-20 13:58:39.622 [info] > git hash-object -t tree /dev/null [5ms]
2025-05-20 13:58:39.622 [warning] [GitFileSystemProvider][stat] File not found - git:/home/ubuntu/.gitignore.git?%7B%22path%22%3A%22%2Fhome%2Fubuntu%2F.gitignore%22%2C%22ref%22%3A%22HEAD%22%7D
2025-05-20 13:58:42.412 [info] > git log --format=%H%n%aN%n%aE%n%at%n%ct%n%P%n%D%n%B -z --shortstat --diff-merges=first-parent -n50 --skip=0 --topo-order --decorate=full --stdin [2ms]
2025-05-20 13:58:42.413 [info] fatal: bad revision 'refs/heads/master'
2025-05-20 13:58:42.413 [error] [GitHistoryProvider][provideHistoryItems] Failed to get history items with options '{"historyItemRefs":["refs/heads/master"],"limit":50,"skip":0}': Failed to execute git {
  "exitCode": 128,
  "gitCommand": "log",
  "stdout": "",
  "stderr": "fatal: bad revision 'refs/heads/master'\n"
}
2025-05-20 13:58:50.476 [info] > git -c user.useConfigOnly=true commit --quiet --allow-empty-message --file - [164ms]
2025-05-20 13:58:50.485 [info] > git config --get commit.template [2ms]
2025-05-20 13:58:50.498 [info] > git config --get commit.template [5ms]
2025-05-20 13:58:50.500 [info] > git for-each-ref --format=%(refname)%00%(upstream:short)%00%(objectname)%00%(upstream:track)%00%(upstream:remotename)%00%(upstream:remoteref) refs/heads/master refs/remotes/master [2ms]
2025-05-20 13:58:50.514 [info] > git for-each-ref --sort -committerdate --format %(refname)%00%(objectname)%00%(*objectname) [3ms]
2025-05-20 13:58:52.755 [info] > git status -z -uall [2248ms] (cancelled)
2025-05-20 13:58:52.755 [info] > git push [1609ms]
2025-05-20 13:58:52.755 [info] fatal: The current branch master has no upstream branch.
To push the current branch and set the remote as upstream, use

    git push --set-upstream origin master
2025-05-20 13:58:52.756 [info] > git blame --root --incremental 51e1f7a7b14f98fb068814c1c88eb23daab76be7 -- .gitignore [1622ms]
2025-05-20 13:58:53.005 [info] > git config --get commit.template [7ms]
2025-05-20 13:58:53.044 [info] > git for-each-ref --format=%(refname)%00%(upstream:short)%00%(objectname)%00%(upstream:track)%00%(upstream:remotename)%00%(upstream:remoteref) refs/heads/master refs/remotes/master [9ms]
2025-05-20 13:58:53.091 [info] > git for-each-ref --sort -committerdate --format %(refname)%00%(objectname)%00%(*objectname) [33ms]
2025-05-20 13:58:53.364 [info] > git log --format=%H%n%aN%n%aE%n%at%n%ct%n%P%n%D%n%B -z --shortstat --diff-merges=first-parent -n50 --skip=0 --topo-order --decorate=full --stdin [7ms]
2025-05-20 13:58:55.218 [info] > git status -z -uall [2166ms] (cancelled)
2025-05-20 13:58:55.239 [info] > git ls-files --stage -- .gitignore [3ms]
2025-05-20 13:58:55.249 [info] > git cat-file -s 24cdedf82f1b1bd6edaca14b7ca5b4d98868246e [4ms]
2025-05-20 13:58:55.754 [info] > git show --textconv :.gitignore [4ms]
2025-05-20 13:59:25.665 [info] > git push -u origin master [28608ms]
2025-05-20 13:59:25.665 [info] remote: 
remote: Create a pull request for 'master' on GitHub by visiting:        
remote:      https://github.com/JoseVitorMader/testnews/pull/new/master        
remote: 
To https://github.com/JoseVitorMader/testnews.git
 * [new branch]      master -> master
2025-05-20 13:59:25.675 [info] > git config --get commit.template [3ms]
2025-05-20 13:59:25.722 [info] > git for-each-ref --format=%(refname)%00%(upstream:short)%00%(objectname)%00%(upstream:track)%00%(upstream:remotename)%00%(upstream:remoteref) refs/heads/master refs/remotes/master [28ms]
2025-05-20 13:59:25.739 [info] > git for-each-ref --sort -committerdate --format %(refname)%00%(objectname)%00%(*objectname) [4ms]
2025-05-20 13:59:28.038 [info] > git status -z -uall [2308ms] (cancelled)
2025-05-20 13:59:28.039 [info] > git merge-base refs/heads/master refs/remotes/origin/master [1667ms]
2025-05-20 13:59:28.075 [info] > git diff --name-status -z --diff-filter=ADMR 51e1f7a7b14f98fb068814c1c88eb23daab76be7...refs/remotes/origin/master [20ms]
2025-05-20 13:59:28.246 [info] > git log --format=%H%n%aN%n%aE%n%at%n%ct%n%P%n%D%n%B -z --shortstat --diff-merges=first-parent -n50 --skip=0 --topo-order --decorate=full --stdin [3ms]
2025-05-20 13:59:28.271 [info] > git config --get commit.template [10ms]
2025-05-20 13:59:28.274 [info] > git for-each-ref --format=%(refname)%00%(upstream:short)%00%(objectname)%00%(upstream:track)%00%(upstream:remotename)%00%(upstream:remoteref) refs/heads/master refs/remotes/master [4ms]
2025-05-20 13:59:28.295 [info] > git for-each-ref --sort -committerdate --format %(refname)%00%(objectname)%00%(*objectname) [4ms]
2025-05-20 13:59:30.509 [info] > git status -z -uall [2226ms] (cancelled)
2025-05-20 13:59:31.699 [info] > git ls-files --stage -- .gitignore [7ms]
2025-05-20 13:59:31.710 [info] > git cat-file -s 24cdedf82f1b1bd6edaca14b7ca5b4d98868246e [2ms]
2025-05-20 13:59:31.913 [info] > git show --textconv :.gitignore [2ms]
2025-05-20 13:59:40.735 [info] > git log --format=%H%n%aN%n%aE%n%at%n%ct%n%P%n%D%n%B -z --shortstat --diff-merges=first-parent -n50 --skip=0 --topo-order --decorate=full --stdin [5ms]
2025-05-20 13:59:42.356 [info] > git config --get commit.template [9ms]
2025-05-20 13:59:42.358 [info] > git for-each-ref --format=%(refname)%00%(upstream:short)%00%(objectname)%00%(upstream:track)%00%(upstream:remotename)%00%(upstream:remoteref) refs/heads/master refs/remotes/master [3ms]
2025-05-20 13:59:42.374 [info] > git for-each-ref --sort -committerdate --format %(refname)%00%(objectname)%00%(*objectname) [2ms]
2025-05-20 13:59:44.536 [info] > git status -z -uall [2170ms] (cancelled)
2025-05-20 14:00:15.329 [info] > git log --format=%H%n%aN%n%aE%n%at%n%ct%n%P%n%D%n%B -z --shortstat --diff-merges=first-parent -n50 --skip=0 --topo-order --decorate=full --stdin [3ms]
2025-05-20 14:00:19.980 [info] > git check-ignore -v -z --stdin [3ms]
2025-05-20 14:00:21.738 [info] > git check-ignore -v -z --stdin [7ms]
2025-05-20 14:01:20.719 [info] > git add -A -- . [55147ms]
2025-05-20 14:01:20.720 [info] warning: adding embedded git repository: .nvm
hint: You've added another git repository inside your current repository.
hint: Clones of the outer repository will not contain the contents of
hint: the embedded repository and will not know how to obtain it.
hint: If you meant to add a submodule, use:
hint: 
hint: 	git submodule add <url> .nvm
hint: 
hint: If you added this path by mistake, you can remove it from the
hint: index with:
hint: 
hint: 	git rm --cached .nvm
hint: 
hint: See "git help submodule" for more information.
2025-05-20 14:01:23.613 [info] > git -c user.useConfigOnly=true commit --quiet --allow-empty-message --file - [2884ms]
2025-05-20 14:01:23.625 [info] > git config --get commit.template [3ms]
2025-05-20 14:01:23.653 [info] > git config --get commit.template [12ms]
2025-05-20 14:01:23.656 [info] > git for-each-ref --format=%(refname)%00%(upstream:short)%00%(objectname)%00%(upstream:track)%00%(upstream:remotename)%00%(upstream:remoteref) refs/heads/master refs/remotes/master [4ms]
2025-05-20 14:01:23.666 [warning] [Git][revParse] Unable to read file: ENOENT: no such file or directory, open '/home/ubuntu/.git/refs/remotes/origin/master'
2025-05-20 14:01:23.669 [info] > git rev-parse refs/remotes/origin/master [4ms]
2025-05-20 14:01:23.686 [info] > git for-each-ref --sort -committerdate --format %(refname)%00%(objectname)%00%(*objectname) [3ms]
2025-05-20 14:01:24.313 [info] > git status -z -uall [637ms]
2025-05-20 14:01:24.406 [info] > git merge-base refs/heads/master refs/remotes/origin/master [17ms]
2025-05-20 14:01:24.415 [info] > git blame --root --incremental 7c6d2ba9ab28d6cdea92187fab41105f69ff8c54 -- .gitignore [36ms]
2025-05-20 14:01:24.492 [info] > git diff --name-status -z --diff-filter=ADMR 51e1f7a7b14f98fb068814c1c88eb23daab76be7...refs/remotes/origin/master [78ms]
2025-05-20 14:01:26.619 [info] > git check-ignore -v -z --stdin [64ms]
2025-05-20 14:02:03.127 [info] > git log --format=%H%n%aN%n%aE%n%at%n%ct%n%P%n%D%n%B -z --shortstat --diff-merges=first-parent -n50 --skip=0 --topo-order --decorate=full --stdin [37297ms]
2025-05-20 14:02:31.370 [info] > git ls-files --stage -- .gitignore [44ms]
2025-05-20 14:02:31.385 [info] > git cat-file -s 24cdedf82f1b1bd6edaca14b7ca5b4d98868246e [5ms]
2025-05-20 14:02:31.560 [info] > git show --textconv :.gitignore [23ms]
2025-05-20 14:02:38.084 [info] > git check-ignore -v -z --stdin [51ms]
2025-05-20 14:02:57.375 [info] > git push origin master:master [92972ms]
2025-05-20 14:02:57.375 [info] To https://github.com/JoseVitorMader/testnews.git
   51e1f7a..7c6d2ba  master -> master
2025-05-20 14:02:57.400 [info] > git config --get commit.template [12ms]
2025-05-20 14:02:57.401 [info] > git for-each-ref --format=%(refname)%00%(upstream:short)%00%(objectname)%00%(upstream:track)%00%(upstream:remotename)%00%(upstream:remoteref) refs/heads/master refs/remotes/master [4ms]
2025-05-20 14:02:57.423 [info] > git for-each-ref --sort -committerdate --format %(refname)%00%(objectname)%00%(*objectname) [2ms]
2025-05-20 14:02:58.432 [info] > git status -z -uall [1021ms]
2025-05-20 14:02:58.454 [info] > git merge-base refs/heads/master refs/remotes/origin/master [4ms]
2025-05-20 14:02:58.466 [info] > git diff --name-status -z --diff-filter=ADMR 7c6d2ba9ab28d6cdea92187fab41105f69ff8c54...refs/remotes/origin/master [4ms]
2025-05-20 14:02:58.652 [info] > git config --get commit.template [11ms]
2025-05-20 14:02:58.654 [info] > git for-each-ref --format=%(refname)%00%(upstream:short)%00%(objectname)%00%(upstream:track)%00%(upstream:remotename)%00%(upstream:remoteref) refs/heads/master refs/remotes/master [4ms]
2025-05-20 14:02:58.673 [info] > git for-each-ref --sort -committerdate --format %(refname)%00%(objectname)%00%(*objectname) [4ms]
2025-05-20 14:02:59.107 [info] > git status -z -uall [445ms]
2025-05-20 14:02:59.265 [info] > git check-ignore -v -z --stdin [24ms]
2025-05-20 14:03:08.333 [info] > git log --format=%H%n%aN%n%aE%n%at%n%ct%n%P%n%D%n%B -z --shortstat --diff-merges=first-parent -n50 --skip=0 --topo-order --decorate=full --stdin [9706ms]
2025-05-20 14:03:41.963 [info] > git config --get commit.template [10ms]
2025-05-20 14:03:41.965 [info] > git for-each-ref --format=%(refname)%00%(upstream:short)%00%(objectname)%00%(upstream:track)%00%(upstream:remotename)%00%(upstream:remoteref) refs/heads/master refs/remotes/master [3ms]
2025-05-20 14:03:41.988 [info] > git for-each-ref --sort -committerdate --format %(refname)%00%(objectname)%00%(*objectname) [4ms]
2025-05-20 14:03:42.147 [info] > git ls-files --stage -- .gitignore [24ms]
2025-05-20 14:03:42.159 [info] > git cat-file -s 24cdedf82f1b1bd6edaca14b7ca5b4d98868246e [3ms]
2025-05-20 14:03:42.331 [info] > git show --textconv :.gitignore [21ms]
2025-05-20 14:03:42.402 [info] > git status -z -uall [427ms]
2025-05-20 14:03:56.029 [info] > git config --get commit.template [9ms]
2025-05-20 14:03:56.031 [info] > git for-each-ref --format=%(refname)%00%(upstream:short)%00%(objectname)%00%(upstream:track)%00%(upstream:remotename)%00%(upstream:remoteref) refs/heads/master refs/remotes/master [3ms]
2025-05-20 14:03:56.046 [info] > git for-each-ref --sort -committerdate --format %(refname)%00%(objectname)%00%(*objectname) [4ms]
2025-05-20 14:03:56.449 [info] > git status -z -uall [412ms]
2025-05-20 14:04:01.472 [info] > git config --get commit.template [9ms]
2025-05-20 14:04:01.475 [info] > git for-each-ref --format=%(refname)%00%(upstream:short)%00%(objectname)%00%(upstream:track)%00%(upstream:remotename)%00%(upstream:remoteref) refs/heads/master refs/remotes/master [3ms]
2025-05-20 14:04:01.495 [info] > git for-each-ref --sort -committerdate --format %(refname)%00%(objectname)%00%(*objectname) [3ms]
2025-05-20 14:04:01.886 [info] > git status -z -uall [402ms]
2025-05-20 14:04:08.996 [info] > git config --get commit.template [7ms]
2025-05-20 14:04:08.999 [info] > git for-each-ref --format=%(refname)%00%(upstream:short)%00%(objectname)%00%(upstream:track)%00%(upstream:remotename)%00%(upstream:remoteref) refs/heads/master refs/remotes/master [3ms]
2025-05-20 14:04:09.015 [info] > git for-each-ref --sort -committerdate --format %(refname)%00%(objectname)%00%(*objectname) [7ms]
2025-05-20 14:04:09.392 [info] > git status -z -uall [388ms]
2025-05-20 14:04:13.551 [info] > git config --get commit.template [7ms]
2025-05-20 14:04:13.553 [info] > git for-each-ref --format %(refname)%00%(objectname)%00%(*objectname) refs/tags [3ms]
2025-05-20 14:04:13.565 [info] > git status -z -uall [6ms]
2025-05-20 14:04:13.567 [info] > git for-each-ref --sort -committerdate --format %(refname)%00%(objectname)%00%(*objectname) [3ms]
2025-05-20 14:04:14.082 [info] > git rev-parse --show-toplevel [3ms]
2025-05-20 14:04:15.518 [info] > git add -A -- . [3604ms]
2025-05-20 14:04:15.710 [info] > git -c user.useConfigOnly=true commit --quiet --allow-empty-message --file - [186ms]
2025-05-20 14:04:15.720 [info] > git config --get commit.template [2ms]
2025-05-20 14:04:15.733 [info] > git config --get commit.template [5ms]
2025-05-20 14:04:15.735 [info] > git for-each-ref --format=%(refname)%00%(upstream:short)%00%(objectname)%00%(upstream:track)%00%(upstream:remotename)%00%(upstream:remoteref) refs/heads/master refs/remotes/master [3ms]
2025-05-20 14:04:15.748 [info] > git for-each-ref --sort -committerdate --format %(refname)%00%(objectname)%00%(*objectname) [3ms]
2025-05-20 14:04:16.093 [info] > git status -z -uall [353ms]
2025-05-20 14:04:16.127 [info] > git merge-base refs/heads/master refs/remotes/origin/master [17ms]
2025-05-20 14:04:16.132 [info] > git blame --root --incremental d737b767104be633f1621a801021e95fd49e1368 -- .gitignore [29ms]
2025-05-20 14:04:16.133 [info] > git config --get commit.template [7ms]
2025-05-20 14:04:16.139 [info] > git diff --name-status -z --diff-filter=ADMR 7c6d2ba9ab28d6cdea92187fab41105f69ff8c54...refs/remotes/origin/master [7ms]
2025-05-20 14:04:16.141 [info] > git for-each-ref --format=%(refname)%00%(upstream:short)%00%(objectname)%00%(upstream:track)%00%(upstream:remotename)%00%(upstream:remoteref) refs/heads/master refs/remotes/master [3ms]
2025-05-20 14:04:16.155 [info] > git for-each-ref --sort -committerdate --format %(refname)%00%(objectname)%00%(*objectname) [4ms]
2025-05-20 14:04:16.507 [info] > git status -z -uall [361ms]
2025-05-20 14:04:17.247 [info] > git ls-files --stage -- .gitignore [23ms]
2025-05-20 14:04:17.256 [info] > git cat-file -s 24cdedf82f1b1bd6edaca14b7ca5b4d98868246e [2ms]
2025-05-20 14:04:17.432 [info] > git show --textconv :.gitignore [21ms]
2025-05-20 14:04:22.439 [info] > git push origin master:master [6319ms]
2025-05-20 14:04:22.439 [info] remote: warning: See https://gh.io/lfs for more information.        
remote: warning: File unicedup-jornal/unicedup-jornal.zip is 62.68 MB; this is larger than GitHub's recommended maximum file size of 50.00 MB        
remote: warning: GH001: Large files detected. You may want to try Git Large File Storage - https://git-lfs.github.com.        
To https://github.com/JoseVitorMader/testnews.git
   7c6d2ba9..d737b767  master -> master
2025-05-20 14:04:22.460 [info] > git config --get commit.template [10ms]
2025-05-20 14:04:22.462 [info] > git for-each-ref --format=%(refname)%00%(upstream:short)%00%(objectname)%00%(upstream:track)%00%(upstream:remotename)%00%(upstream:remoteref) refs/heads/master refs/remotes/master [2ms]
2025-05-20 14:04:22.483 [info] > git for-each-ref --sort -committerdate --format %(refname)%00%(objectname)%00%(*objectname) [4ms]
2025-05-20 14:04:22.757 [info] > git log --format=%H%n%aN%n%aE%n%at%n%ct%n%P%n%D%n%B -z --shortstat --diff-merges=first-parent -n50 --skip=0 --topo-order --decorate=full --stdin [6451ms]
2025-05-20 14:04:22.869 [info] > git status -z -uall [398ms]
2025-05-20 14:04:22.884 [info] > git merge-base refs/heads/master refs/remotes/origin/master [3ms]
2025-05-20 14:04:22.899 [info] > git diff --name-status -z --diff-filter=ADMR d737b767104be633f1621a801021e95fd49e1368...refs/remotes/origin/master [4ms]
2025-05-20 14:04:23.063 [info] > git config --get commit.template [10ms]
2025-05-20 14:04:23.065 [info] > git for-each-ref --format=%(refname)%00%(upstream:short)%00%(objectname)%00%(upstream:track)%00%(upstream:remotename)%00%(upstream:remoteref) refs/heads/master refs/remotes/master [3ms]
2025-05-20 14:04:23.086 [info] > git for-each-ref --sort -committerdate --format %(refname)%00%(objectname)%00%(*objectname) [3ms]
2025-05-20 14:04:23.480 [info] > git status -z -uall [406ms]
2025-05-20 14:04:23.652 [info] > git check-ignore -v -z --stdin [21ms]
2025-05-20 14:04:24.033 [info] > git ls-files --stage -- .gitignore [22ms]
2025-05-20 14:04:24.044 [info] > git cat-file -s 24cdedf82f1b1bd6edaca14b7ca5b4d98868246e [3ms]
2025-05-20 14:04:24.215 [info] > git show --textconv :.gitignore [19ms]
2025-05-20 14:04:26.005 [info] > git config --get commit.template [8ms]
2025-05-20 14:04:26.007 [info] > git for-each-ref --format=%(refname)%00%(upstream:short)%00%(objectname)%00%(upstream:track)%00%(upstream:remotename)%00%(upstream:remoteref) refs/heads/master refs/remotes/master [3ms]
2025-05-20 14:04:26.022 [info] > git for-each-ref --sort -committerdate --format %(refname)%00%(objectname)%00%(*objectname) [3ms]
2025-05-20 14:04:26.403 [info] > git status -z -uall [389ms]
2025-05-20 14:04:29.425 [info] > git log --format=%H%n%aN%n%aE%n%at%n%ct%n%P%n%D%n%B -z --shortstat --diff-merges=first-parent -n50 --skip=0 --topo-order --decorate=full --stdin [6383ms]
2025-05-20 14:04:33.016 [info] > git config --get commit.template [12ms]
2025-05-20 14:04:33.020 [info] > git for-each-ref --format=%(refname)%00%(upstream:short)%00%(objectname)%00%(upstream:track)%00%(upstream:remotename)%00%(upstream:remoteref) refs/heads/master refs/remotes/master [5ms]
2025-05-20 14:04:33.041 [info] > git for-each-ref --sort -committerdate --format %(refname)%00%(objectname)%00%(*objectname) [3ms]
2025-05-20 14:04:33.413 [info] > git status -z -uall [383ms]
2025-05-20 14:04:34.229 [info] > git check-ignore -v -z --stdin [42ms]
2025-05-20 14:04:38.433 [info] > git config --get commit.template [8ms]
2025-05-20 14:04:38.434 [info] > git for-each-ref --format=%(refname)%00%(upstream:short)%00%(objectname)%00%(upstream:track)%00%(upstream:remotename)%00%(upstream:remoteref) refs/heads/master refs/remotes/master [3ms]
2025-05-20 14:04:38.448 [info] > git for-each-ref --sort -committerdate --format %(refname)%00%(objectname)%00%(*objectname) [3ms]
2025-05-20 14:04:38.835 [info] > git status -z -uall [394ms]
2025-05-20 14:04:39.630 [info] > git check-ignore -v -z --stdin [29ms]
2025-05-20 14:04:43.277 [info] > git config --get commit.template [8ms]
2025-05-20 14:04:43.279 [info] > git for-each-ref --format=%(refname)%00%(upstream:short)%00%(objectname)%00%(upstream:track)%00%(upstream:remotename)%00%(upstream:remoteref) refs/heads/master refs/remotes/master [3ms]
2025-05-20 14:04:43.296 [info] > git for-each-ref --sort -committerdate --format %(refname)%00%(objectname)%00%(*objectname) [3ms]
2025-05-20 14:04:43.655 [info] > git status -z -uall [369ms]
2025-05-20 14:04:43.855 [info] > git config --get commit.template [8ms]
2025-05-20 14:04:43.856 [info] > git for-each-ref --format=%(refname)%00%(upstream:short)%00%(objectname)%00%(upstream:track)%00%(upstream:remotename)%00%(upstream:remoteref) refs/heads/master refs/remotes/master [2ms]
2025-05-20 14:04:43.871 [info] > git for-each-ref --sort -committerdate --format %(refname)%00%(objectname)%00%(*objectname) [3ms]
2025-05-20 14:04:44.229 [info] > git status -z -uall [366ms]
2025-05-20 14:04:49.250 [info] > git config --get commit.template [9ms]
2025-05-20 14:04:49.252 [info] > git for-each-ref --format=%(refname)%00%(upstream:short)%00%(objectname)%00%(upstream:track)%00%(upstream:remotename)%00%(upstream:remoteref) refs/heads/master refs/remotes/master [3ms]
2025-05-20 14:04:49.266 [info] > git for-each-ref --sort -committerdate --format %(refname)%00%(objectname)%00%(*objectname) [3ms]
2025-05-20 14:04:49.669 [info] > git status -z -uall [412ms]
